Determining if the pthread_create exist failed with the following output:
Change Dir: /home/mohammad/svo/build/dbow2_catkin/CMakeFiles/CMakeTmp

Run Build Command:"/usr/bin/make" "cmTC_26a37/fast"
/usr/bin/make -f CMakeFiles/cmTC_26a37.dir/build.make CMakeFiles/cmTC_26a37.dir/build
make[1]: Entering directory '/home/mohammad/svo/build/dbow2_catkin/CMakeFiles/CMakeTmp'
Building C object CMakeFiles/cmTC_26a37.dir/CheckSymbolExists.c.o
/usr/bin/cc    -o CMakeFiles/cmTC_26a37.dir/CheckSymbolExists.c.o   -c /home/mohammad/svo/build/dbow2_catkin/CMakeFiles/CMakeTmp/CheckSymbolExists.c
Linking C executable cmTC_26a37
/usr/bin/cmake -E cmake_link_script CMakeFiles/cmTC_26a37.dir/link.txt --verbose=1
/usr/bin/cc      -rdynamic CMakeFiles/cmTC_26a37.dir/CheckSymbolExists.c.o  -o cmTC_26a37 
CMakeFiles/cmTC_26a37.dir/CheckSymbolExists.c.o: In function `main':
CheckSymbolExists.c:(.text+0x1b): undefined reference to `pthread_create'
collect2: error: ld returned 1 exit status
CMakeFiles/cmTC_26a37.dir/build.make:97: recipe for target 'cmTC_26a37' failed
make[1]: *** [cmTC_26a37] Error 1
make[1]: Leaving directory '/home/mohammad/svo/build/dbow2_catkin/CMakeFiles/CMakeTmp'
Makefile:126: recipe for target 'cmTC_26a37/fast' failed
make: *** [cmTC_26a37/fast] Error 2

File /home/mohammad/svo/build/dbow2_catkin/CMakeFiles/CMakeTmp/CheckSymbolExists.c:
/* */
#include <pthread.h>

int main(int argc, char** argv)
{
  (void)argv;
#ifndef pthread_create
  return ((int*)(&pthread_create))[argc];
#else
  (void)argc;
  return 0;
#endif
}

Determining if the function pthread_create exists in the pthreads failed with the following output:
Change Dir: /home/mohammad/svo/build/dbow2_catkin/CMakeFiles/CMakeTmp

Run Build Command:"/usr/bin/make" "cmTC_8dd2d/fast"
/usr/bin/make -f CMakeFiles/cmTC_8dd2d.dir/build.make CMakeFiles/cmTC_8dd2d.dir/build
make[1]: Entering directory '/home/mohammad/svo/build/dbow2_catkin/CMakeFiles/CMakeTmp'
Building C object CMakeFiles/cmTC_8dd2d.dir/CheckFunctionExists.c.o
/usr/bin/cc   -DCHECK_FUNCTION_EXISTS=pthread_create   -o CMakeFiles/cmTC_8dd2d.dir/CheckFunctionExists.c.o   -c /usr/share/cmake-3.10/Modules/CheckFunctionExists.c
Linking C executable cmTC_8dd2d
/usr/bin/cmake -E cmake_link_script CMakeFiles/cmTC_8dd2d.dir/link.txt --verbose=1
/usr/bin/cc  -DCHECK_FUNCTION_EXISTS=pthread_create    -rdynamic CMakeFiles/cmTC_8dd2d.dir/CheckFunctionExists.c.o  -o cmTC_8dd2d -lpthreads 
/usr/bin/ld: cannot find -lpthreads
collect2: error: ld returned 1 exit status
CMakeFiles/cmTC_8dd2d.dir/build.make:97: recipe for target 'cmTC_8dd2d' failed
make[1]: *** [cmTC_8dd2d] Error 1
make[1]: Leaving directory '/home/mohammad/svo/build/dbow2_catkin/CMakeFiles/CMakeTmp'
Makefile:126: recipe for target 'cmTC_8dd2d/fast' failed
make: *** [cmTC_8dd2d/fast] Error 2


