Not searching for unused variables given on the command line.
[36m--[0m The CXX compiler identification is GNU 9.4.0
[36m--[0m Check for working CXX compiler: /usr/bin/c++
[36m--[0m Check for working CXX compiler: /usr/bin/c++ -- works
[36m--[0m Detecting CXX compiler ABI info
[36m--[0m Detecting CXX compiler ABI info - done
[36m--[0m Detecting CXX compile features
[36m--[0m Detecting CXX compile features - done
[36m--[0m Using CATKIN_DEVEL_PREFIX: /home/mohammad/svo/devel/.private/opengv
[36m--[0m Using CMAKE_PREFIX_PATH: /home/mohammad/svo/devel;/opt/ros/melodic
[36m--[0m This workspace overlays: /home/mohammad/svo/devel;/opt/ros/melodic
[36m--[0m Found PythonInterp: /usr/bin/python2 (found suitable version "2.7.17", minimum required is "2")
[36m--[0m Using PYTHON_EXECUTABLE: /usr/bin/python2
[36m--[0m Using Debian Python package layout
[36m--[0m Using empy: /usr/bin/empy
[36m--[0m Using CATKIN_ENABLE_TESTING: ON
[36m--[0m Call enable_testing()
[36m--[0m Using CATKIN_TEST_RESULTS_DIR: /home/mohammad/svo/build/opengv/test_results
[36m--[0m Found gtest sources under '/usr/src/googletest': gtests will be built
[36m--[0m Found gmock sources under '/usr/src/googletest': gmock will be built
[36m--[0m The C compiler identification is GNU 9.4.0
[36m--[0m Check for working C compiler: /usr/bin/cc
[36m--[0m Check for working C compiler: /usr/bin/cc -- works
[36m--[0m Detecting C compiler ABI info
[36m--[0m Detecting C compiler ABI info - done
[36m--[0m Detecting C compile features
[36m--[0m Detecting C compile features - done
[36m--[0m Found PythonInterp: /usr/bin/python2 (found version "2.7.17")
[36m--[0m Looking for pthread.h
[36m--[0m Looking for pthread.h - found
[36m--[0m Looking for pthread_create
[36m--[0m Looking for pthread_create - not found
[36m--[0m Looking for pthread_create in pthreads
[36m--[0m Looking for pthread_create in pthreads - not found
[36m--[0m Looking for pthread_create in pthread
[36m--[0m Looking for pthread_create in pthread - found
[36m--[0m Found Threads: TRUE
[36m--[0m Using Python nosetests: /usr/bin/nosetests-2.7
[36m--[0m catkin 0.7.29
[36m--[0m BUILD_SHARED_LIBS is on
Found catkin. Creating opengv package with catkin
[36m--[0m Building opengv with catkin!
[36m--[0m Found Eigen: /usr/include/eigen3 (Required is at least version "2.91.0")
[33m[1mCMake Warning[0m at /home/mohammad/svo/src/opengv/CMakeLists.txt:165 (message):
  Eigen: /usr/include/eigen3


[36m--[0m Marking SHARED_LIBRARY "opengv" of package "opengv" for installation
[36m--[0m Marking SHARED_LIBRARY "random_generators" of package "opengv" for installation
[36m--[0m Marking EXECUTABLE "test_absolute_pose" of package "opengv" for installation
[36m--[0m Marking EXECUTABLE "test_absolute_pose_sac" of package "opengv" for installation
[36m--[0m Marking EXECUTABLE "test_noncentral_absolute_pose" of package "opengv" for installation
[36m--[0m Marking EXECUTABLE "test_noncentral_absolute_pose_sac" of package "opengv" for installation
[36m--[0m Marking EXECUTABLE "test_relative_pose" of package "opengv" for installation
[36m--[0m Marking EXECUTABLE "test_relative_pose_rotationOnly" of package "opengv" for installation
[36m--[0m Marking EXECUTABLE "test_relative_pose_rotationOnly_sac" of package "opengv" for installation
[36m--[0m Marking EXECUTABLE "test_relative_pose_sac" of package "opengv" for installation
[36m--[0m Marking EXECUTABLE "test_noncentral_relative_pose" of package "opengv" for installation
[36m--[0m Marking EXECUTABLE "test_noncentral_relative_pose_sac" of package "opengv" for installation
[36m--[0m Marking EXECUTABLE "test_multi_noncentral_relative_pose_sac" of package "opengv" for installation
[36m--[0m Marking EXECUTABLE "test_eigensolver_sac" of package "opengv" for installation
[36m--[0m Marking EXECUTABLE "test_triangulation" of package "opengv" for installation
[36m--[0m Marking EXECUTABLE "test_eigensolver" of package "opengv" for installation
[36m--[0m Marking EXECUTABLE "test_point_cloud" of package "opengv" for installation
[36m--[0m Marking EXECUTABLE "test_point_cloud_sac" of package "opengv" for installation
[36m--[0m Marking HEADER FILES in "include" folder of package "opengv" for installation
[36m--[0m Marking SHARED_LIBRARY "opengv" of package "opengv" for installation
[36m--[0m Marking SHARED_LIBRARY "random_generators" of package "opengv" for installation
[36m--[0m Marking EXECUTABLE "test_absolute_pose" of package "opengv" for installation
[36m--[0m Marking EXECUTABLE "test_absolute_pose_sac" of package "opengv" for installation
[36m--[0m Marking EXECUTABLE "test_noncentral_absolute_pose" of package "opengv" for installation
[36m--[0m Marking EXECUTABLE "test_noncentral_absolute_pose_sac" of package "opengv" for installation
[36m--[0m Marking EXECUTABLE "test_relative_pose" of package "opengv" for installation
[36m--[0m Marking EXECUTABLE "test_relative_pose_rotationOnly" of package "opengv" for installation
[36m--[0m Marking EXECUTABLE "test_relative_pose_rotationOnly_sac" of package "opengv" for installation
[36m--[0m Marking EXECUTABLE "test_relative_pose_sac" of package "opengv" for installation
[36m--[0m Marking EXECUTABLE "test_noncentral_relative_pose" of package "opengv" for installation
[36m--[0m Marking EXECUTABLE "test_noncentral_relative_pose_sac" of package "opengv" for installation
[36m--[0m Marking EXECUTABLE "test_multi_noncentral_relative_pose_sac" of package "opengv" for installation
[36m--[0m Marking EXECUTABLE "test_eigensolver_sac" of package "opengv" for installation
[36m--[0m Marking EXECUTABLE "test_triangulation" of package "opengv" for installation
[36m--[0m Marking EXECUTABLE "test_eigensolver" of package "opengv" for installation
[36m--[0m Marking EXECUTABLE "test_point_cloud" of package "opengv" for installation
[36m--[0m Marking EXECUTABLE "test_point_cloud_sac" of package "opengv" for installation
[36m--[0m Marking HEADER FILES in "include" folder of package "opengv" for installation
[36m--[0m Configuring done
[36m--[0m Generating done
[36m--[0m Build files have been written to: /home/mohammad/svo/build/opengv
