Symlinking /home/mohammad/svo/devel/lib/libopengv.so
Symlinking /home/mohammad/svo/devel/lib/librandom_generators.so
Symlinking /home/mohammad/svo/devel/lib/opengv/test_eigensolver
Symlinking /home/mohammad/svo/devel/lib/opengv/test_relative_pose_sac
Symlinking /home/mohammad/svo/devel/lib/opengv/test_noncentral_relative_pose_sac
Symlinking /home/mohammad/svo/devel/lib/opengv/test_noncentral_absolute_pose_sac
Symlinking /home/mohammad/svo/devel/lib/opengv/test_relative_pose_rotationOnly_sac
Symlinking /home/mohammad/svo/devel/lib/opengv/test_multi_noncentral_relative_pose_sac
Symlinking /home/mohammad/svo/devel/lib/opengv/test_eigensolver_sac
Symlinking /home/mohammad/svo/devel/lib/opengv/test_point_cloud
Symlinking /home/mohammad/svo/devel/lib/opengv/test_relative_pose
Symlinking /home/mohammad/svo/devel/lib/opengv/test_noncentral_relative_pose
Symlinking /home/mohammad/svo/devel/lib/opengv/test_triangulation
Symlinking /home/mohammad/svo/devel/lib/opengv/test_absolute_pose
Symlinking /home/mohammad/svo/devel/lib/opengv/test_relative_pose_rotationOnly
Symlinking /home/mohammad/svo/devel/lib/opengv/test_point_cloud_sac
Symlinking /home/mohammad/svo/devel/lib/opengv/test_noncentral_absolute_pose
Symlinking /home/mohammad/svo/devel/lib/opengv/test_absolute_pose_sac
Symlinking /home/mohammad/svo/devel/lib/pkgconfig/opengv.pc
Symlinking /home/mohammad/svo/devel/share/opengv/cmake/opengvConfig.cmake
Symlinking /home/mohammad/svo/devel/share/opengv/cmake/opengvConfig-version.cmake
