[35m[1mScanning dependencies of target std_msgs_generate_messages_py[0m
[  0%] Built target std_msgs_generate_messages_py
[35m[1mScanning dependencies of target roscpp_generate_messages_nodejs[0m
[  0%] Built target roscpp_generate_messages_nodejs
[35m[1mScanning dependencies of target std_msgs_generate_messages_eus[0m
[  0%] Built target std_msgs_generate_messages_eus
[35m[1mScanning dependencies of target roscpp_generate_messages_eus[0m
[  0%] Built target roscpp_generate_messages_eus
[35m[1mScanning dependencies of target roscpp_generate_messages_cpp[0m
[  0%] Built target roscpp_generate_messages_cpp
[35m[1mScanning dependencies of target rosgraph_msgs_generate_messages_eus[0m
[  0%] Built target rosgraph_msgs_generate_messages_eus
[35m[1mScanning dependencies of target roscpp_generate_messages_py[0m
[  0%] Built target roscpp_generate_messages_py
[35m[1mScanning dependencies of target rosgraph_msgs_generate_messages_py[0m
[  0%] Built target rosgraph_msgs_generate_messages_py
[35m[1mScanning dependencies of target roscpp_generate_messages_lisp[0m
[  0%] Built target roscpp_generate_messages_lisp
[35m[1mScanning dependencies of target rosgraph_msgs_generate_messages_lisp[0m
[  0%] Built target rosgraph_msgs_generate_messages_lisp
[35m[1mScanning dependencies of target rosgraph_msgs_generate_messages_cpp[0m
[  0%] Built target rosgraph_msgs_generate_messages_cpp
[35m[1mScanning dependencies of target rosgraph_msgs_generate_messages_nodejs[0m
[  0%] Built target rosgraph_msgs_generate_messages_nodejs
[35m[1mScanning dependencies of target std_msgs_generate_messages_lisp[0m
[  0%] Built target std_msgs_generate_messages_lisp
[35m[1mScanning dependencies of target std_msgs_generate_messages_cpp[0m
[  0%] Built target std_msgs_generate_messages_cpp
[35m[1mScanning dependencies of target std_msgs_generate_messages_nodejs[0m
[  0%] Built target std_msgs_generate_messages_nodejs
[35m[1mScanning dependencies of target opengv[0m
[  0%] [32mBuilding CXX object CMakeFiles/opengv.dir/src/absolute_pose/modules/main.cpp.o[0m
[  1%] [32mBuilding CXX object CMakeFiles/opengv.dir/src/absolute_pose/modules/gp3p/code.cpp.o[0m
[  2%] [32mBuilding CXX object CMakeFiles/opengv.dir/src/absolute_pose/modules/gp3p/init.cpp.o[0m
[  3%] [32mBuilding CXX object CMakeFiles/opengv.dir/src/absolute_pose/modules/gp3p/reductors.cpp.o[0m
[  4%] [32mBuilding CXX object CMakeFiles/opengv.dir/src/absolute_pose/modules/gp3p/spolynomials.cpp.o[0m
[  5%] [32mBuilding CXX object CMakeFiles/opengv.dir/src/absolute_pose/modules/Epnp.cpp.o[0m
[  5%] [32mBuilding CXX object CMakeFiles/opengv.dir/src/absolute_pose/modules/gpnp1/code.cpp.o[0m
[  6%] [32mBuilding CXX object CMakeFiles/opengv.dir/src/absolute_pose/modules/gpnp1/init.cpp.o[0m
[  7%] [32mBuilding CXX object CMakeFiles/opengv.dir/src/absolute_pose/modules/gpnp1/reductors.cpp.o[0m
[  8%] [32mBuilding CXX object CMakeFiles/opengv.dir/src/absolute_pose/modules/gpnp1/spolynomials.cpp.o[0m
[  9%] [32mBuilding CXX object CMakeFiles/opengv.dir/src/absolute_pose/modules/gpnp2/code.cpp.o[0m
[ 10%] [32mBuilding CXX object CMakeFiles/opengv.dir/src/absolute_pose/modules/gpnp2/init.cpp.o[0m
[ 10%] [32mBuilding CXX object CMakeFiles/opengv.dir/src/absolute_pose/modules/gpnp2/reductors.cpp.o[0m
[ 12%] [32mBuilding CXX object CMakeFiles/opengv.dir/src/absolute_pose/modules/gpnp2/spolynomials.cpp.o[0m
[ 13%] [32mBuilding CXX object CMakeFiles/opengv.dir/src/absolute_pose/modules/gpnp3/code.cpp.o[0m
[ 14%] [32mBuilding CXX object CMakeFiles/opengv.dir/src/absolute_pose/modules/gpnp3/init.cpp.o[0m
[ 15%] [32mBuilding CXX object CMakeFiles/opengv.dir/src/absolute_pose/modules/gpnp3/reductors.cpp.o[0m
[ 15%] [32mBuilding CXX object CMakeFiles/opengv.dir/src/absolute_pose/modules/gpnp3/spolynomials.cpp.o[0m
[ 16%] [32mBuilding CXX object CMakeFiles/opengv.dir/src/absolute_pose/modules/gpnp4/code.cpp.o[0m
[ 17%] [32mBuilding CXX object CMakeFiles/opengv.dir/src/absolute_pose/modules/gpnp4/init.cpp.o[0m
[ 18%] [32mBuilding CXX object CMakeFiles/opengv.dir/src/absolute_pose/modules/gpnp4/reductors.cpp.o[0m
[ 19%] [32mBuilding CXX object CMakeFiles/opengv.dir/src/absolute_pose/modules/gpnp4/spolynomials.cpp.o[0m
[ 20%] [32mBuilding CXX object CMakeFiles/opengv.dir/src/absolute_pose/modules/gpnp5/code.cpp.o[0m
[ 20%] [32mBuilding CXX object CMakeFiles/opengv.dir/src/absolute_pose/modules/gpnp5/init.cpp.o[0m
[ 21%] [32mBuilding CXX object CMakeFiles/opengv.dir/src/absolute_pose/modules/gpnp5/reductors.cpp.o[0m
[ 23%] [32mBuilding CXX object CMakeFiles/opengv.dir/src/absolute_pose/modules/gpnp5/spolynomials.cpp.o[0m
[ 24%] [32mBuilding CXX object CMakeFiles/opengv.dir/src/absolute_pose/modules/upnp2.cpp.o[0m
[ 25%] [32mBuilding CXX object CMakeFiles/opengv.dir/src/absolute_pose/modules/upnp4.cpp.o[0m
[ 26%] [32mBuilding CXX object CMakeFiles/opengv.dir/src/relative_pose/modules/main.cpp.o[0m
[ 26%] [32mBuilding CXX object CMakeFiles/opengv.dir/src/relative_pose/modules/fivept_nister/modules.cpp.o[0m
[ 27%] [32mBuilding CXX object CMakeFiles/opengv.dir/src/relative_pose/modules/fivept_stewenius/modules.cpp.o[0m
[ 28%] [32mBuilding CXX object CMakeFiles/opengv.dir/src/relative_pose/modules/fivept_kneip/code.cpp.o[0m
[ 29%] [32mBuilding CXX object CMakeFiles/opengv.dir/src/relative_pose/modules/fivept_kneip/init.cpp.o[0m
[ 30%] [32mBuilding CXX object CMakeFiles/opengv.dir/src/relative_pose/modules/fivept_kneip/reductors.cpp.o[0m
[ 31%] [32mBuilding CXX object CMakeFiles/opengv.dir/src/relative_pose/modules/fivept_kneip/spolynomials.cpp.o[0m
[ 31%] [32mBuilding CXX object CMakeFiles/opengv.dir/src/relative_pose/modules/sixpt/modules2.cpp.o[0m
[ 32%] [32mBuilding CXX object CMakeFiles/opengv.dir/src/relative_pose/modules/eigensolver/modules.cpp.o[0m
[ 34%] [32mBuilding CXX object CMakeFiles/opengv.dir/src/relative_pose/modules/ge/modules.cpp.o[0m
[ 35%] [32mBuilding CXX object CMakeFiles/opengv.dir/src/math/cayley.cpp.o[0m
[ 36%] [32mBuilding CXX object CMakeFiles/opengv.dir/src/math/quaternion.cpp.o[0m
[ 36%] [32mBuilding CXX object CMakeFiles/opengv.dir/src/math/arun.cpp.o[0m
[ 37%] [32mBuilding CXX object CMakeFiles/opengv.dir/src/math/Sturm.cpp.o[0m
[ 38%] [32mBuilding CXX object CMakeFiles/opengv.dir/src/math/roots.cpp.o[0m
[ 39%] [32mBuilding CXX object CMakeFiles/opengv.dir/src/math/gauss_jordan.cpp.o[0m
[ 40%] [32mBuilding CXX object CMakeFiles/opengv.dir/src/absolute_pose/methods.cpp.o[0m
[ 41%] [32mBuilding CXX object CMakeFiles/opengv.dir/src/absolute_pose/CentralAbsoluteAdapter.cpp.o[0m
[ 41%] [32mBuilding CXX object CMakeFiles/opengv.dir/src/absolute_pose/NoncentralAbsoluteAdapter.cpp.o[0m
[ 42%] [32mBuilding CXX object CMakeFiles/opengv.dir/src/absolute_pose/NoncentralAbsoluteMultiAdapter.cpp.o[0m
[ 43%] [32mBuilding CXX object CMakeFiles/opengv.dir/src/relative_pose/methods.cpp.o[0m
[ 45%] [32mBuilding CXX object CMakeFiles/opengv.dir/src/relative_pose/CentralRelativeAdapter.cpp.o[0m
[ 46%] [32mBuilding CXX object CMakeFiles/opengv.dir/src/relative_pose/CentralRelativeWeightingAdapter.cpp.o[0m
[ 47%] [32mBuilding CXX object CMakeFiles/opengv.dir/src/relative_pose/NoncentralRelativeAdapter.cpp.o[0m
[ 47%] [32mBuilding CXX object CMakeFiles/opengv.dir/src/relative_pose/CentralRelativeMultiAdapter.cpp.o[0m
[ 48%] [32mBuilding CXX object CMakeFiles/opengv.dir/src/relative_pose/NoncentralRelativeMultiAdapter.cpp.o[0m
[ 49%] [32mBuilding CXX object CMakeFiles/opengv.dir/src/triangulation/methods.cpp.o[0m
[ 50%] [32mBuilding CXX object CMakeFiles/opengv.dir/src/point_cloud/methods.cpp.o[0m
[ 51%] [32mBuilding CXX object CMakeFiles/opengv.dir/src/point_cloud/PointCloudAdapter.cpp.o[0m
[ 52%] [32mBuilding CXX object CMakeFiles/opengv.dir/src/sac_problems/absolute_pose/AbsolutePoseSacProblem.cpp.o[0m
[ 52%] [32mBuilding CXX object CMakeFiles/opengv.dir/src/sac_problems/absolute_pose/MultiNoncentralAbsolutePoseSacProblem.cpp.o[0m
[ 53%] [32mBuilding CXX object CMakeFiles/opengv.dir/src/sac_problems/relative_pose/CentralRelativePoseSacProblem.cpp.o[0m
[ 54%] [32mBuilding CXX object CMakeFiles/opengv.dir/src/sac_problems/relative_pose/NoncentralRelativePoseSacProblem.cpp.o[0m
[ 56%] [32mBuilding CXX object CMakeFiles/opengv.dir/src/sac_problems/relative_pose/RotationOnlySacProblem.cpp.o[0m
[ 57%] [32mBuilding CXX object CMakeFiles/opengv.dir/src/sac_problems/relative_pose/TranslationOnlySacProblem.cpp.o[0m
[ 57%] [32mBuilding CXX object CMakeFiles/opengv.dir/src/sac_problems/relative_pose/EigensolverSacProblem.cpp.o[0m
[ 58%] [32mBuilding CXX object CMakeFiles/opengv.dir/src/sac_problems/relative_pose/MultiCentralRelativePoseSacProblem.cpp.o[0m
[ 59%] [32mBuilding CXX object CMakeFiles/opengv.dir/src/sac_problems/relative_pose/MultiNoncentralRelativePoseSacProblem.cpp.o[0m
[ 60%] [32mBuilding CXX object CMakeFiles/opengv.dir/src/sac_problems/point_cloud/PointCloudSacProblem.cpp.o[0m
[ 61%] [32mBuilding CXX object CMakeFiles/opengv.dir/src/absolute_pose/MACentralAbsolute.cpp.o[0m
[ 62%] [32mBuilding CXX object CMakeFiles/opengv.dir/src/absolute_pose/MANoncentralAbsolute.cpp.o[0m
[ 62%] [32mBuilding CXX object CMakeFiles/opengv.dir/src/relative_pose/MACentralRelative.cpp.o[0m
[ 63%] [32mBuilding CXX object CMakeFiles/opengv.dir/src/relative_pose/MANoncentralRelative.cpp.o[0m
[ 64%] [32mBuilding CXX object CMakeFiles/opengv.dir/src/relative_pose/MANoncentralRelativeMulti.cpp.o[0m
[ 65%] [32mBuilding CXX object CMakeFiles/opengv.dir/src/point_cloud/MAPointCloud.cpp.o[0m
[ 67%] [32m[1mLinking CXX shared library /home/mohammad/svo/devel/.private/opengv/lib/libopengv.so[0m
[ 67%] Built target opengv
[35m[1mScanning dependencies of target random_generators[0m
[ 68%] [32mBuilding CXX object CMakeFiles/random_generators.dir/test/random_generators.cpp.o[0m
[ 68%] [32mBuilding CXX object CMakeFiles/random_generators.dir/test/experiment_helpers.cpp.o[0m
[ 69%] [32mBuilding CXX object CMakeFiles/random_generators.dir/test/time_measurement.cpp.o[0m
[ 70%] [32m[1mLinking CXX shared library /home/mohammad/svo/devel/.private/opengv/lib/librandom_generators.so[0m
[ 70%] Built target random_generators
[35m[1mScanning dependencies of target test_point_cloud[0m
[ 71%] [32mBuilding CXX object CMakeFiles/test_point_cloud.dir/test/test_point_cloud.cpp.o[0m
[ 72%] [32m[1mLinking CXX executable /home/mohammad/svo/devel/.private/opengv/lib/opengv/test_point_cloud[0m
[ 72%] Built target test_point_cloud
[35m[1mScanning dependencies of target test_triangulation[0m
[ 73%] [32mBuilding CXX object CMakeFiles/test_triangulation.dir/test/test_triangulation.cpp.o[0m
[ 74%] [32m[1mLinking CXX executable /home/mohammad/svo/devel/.private/opengv/lib/opengv/test_triangulation[0m
[ 74%] Built target test_triangulation
[35m[1mScanning dependencies of target test_eigensolver_sac[0m
[ 75%] [32mBuilding CXX object CMakeFiles/test_eigensolver_sac.dir/test/test_eigensolver_sac.cpp.o[0m
[ 76%] [32m[1mLinking CXX executable /home/mohammad/svo/devel/.private/opengv/lib/opengv/test_eigensolver_sac[0m
[ 76%] Built target test_eigensolver_sac
[35m[1mScanning dependencies of target test_multi_noncentral_relative_pose_sac[0m
[ 76%] [32mBuilding CXX object CMakeFiles/test_multi_noncentral_relative_pose_sac.dir/test/test_multi_noncentral_relative_pose_sac.cpp.o[0m
[ 78%] [32m[1mLinking CXX executable /home/mohammad/svo/devel/.private/opengv/lib/opengv/test_multi_noncentral_relative_pose_sac[0m
[ 78%] Built target test_multi_noncentral_relative_pose_sac
[35m[1mScanning dependencies of target test_noncentral_relative_pose_sac[0m
[ 79%] [32mBuilding CXX object CMakeFiles/test_noncentral_relative_pose_sac.dir/test/test_noncentral_relative_pose_sac.cpp.o[0m
[ 80%] [32m[1mLinking CXX executable /home/mohammad/svo/devel/.private/opengv/lib/opengv/test_noncentral_relative_pose_sac[0m
[ 80%] Built target test_noncentral_relative_pose_sac
[35m[1mScanning dependencies of target test_relative_pose_rotationOnly[0m
[ 81%] [32mBuilding CXX object CMakeFiles/test_relative_pose_rotationOnly.dir/test/test_relative_pose_rotationOnly.cpp.o[0m
[ 82%] [32m[1mLinking CXX executable /home/mohammad/svo/devel/.private/opengv/lib/opengv/test_relative_pose_rotationOnly[0m
[ 82%] Built target test_relative_pose_rotationOnly
[35m[1mScanning dependencies of target test_relative_pose_sac[0m
[ 83%] [32mBuilding CXX object CMakeFiles/test_relative_pose_sac.dir/test/test_relative_pose_sac.cpp.o[0m
[ 84%] [32m[1mLinking CXX executable /home/mohammad/svo/devel/.private/opengv/lib/opengv/test_relative_pose_sac[0m
[ 84%] Built target test_relative_pose_sac
[35m[1mScanning dependencies of target test_relative_pose_rotationOnly_sac[0m
[ 84%] [32mBuilding CXX object CMakeFiles/test_relative_pose_rotationOnly_sac.dir/test/test_relative_pose_rotationOnly_sac.cpp.o[0m
[ 85%] [32m[1mLinking CXX executable /home/mohammad/svo/devel/.private/opengv/lib/opengv/test_relative_pose_rotationOnly_sac[0m
[ 85%] Built target test_relative_pose_rotationOnly_sac
[35m[1mScanning dependencies of target test_eigensolver[0m
[ 86%] [32mBuilding CXX object CMakeFiles/test_eigensolver.dir/test/test_eigensolver.cpp.o[0m
[ 87%] [32m[1mLinking CXX executable /home/mohammad/svo/devel/.private/opengv/lib/opengv/test_eigensolver[0m
[ 87%] Built target test_eigensolver
[35m[1mScanning dependencies of target test_absolute_pose_sac[0m
[ 89%] [32mBuilding CXX object CMakeFiles/test_absolute_pose_sac.dir/test/test_absolute_pose_sac.cpp.o[0m
[ 89%] [32m[1mLinking CXX executable /home/mohammad/svo/devel/.private/opengv/lib/opengv/test_absolute_pose_sac[0m
[ 89%] Built target test_absolute_pose_sac
[35m[1mScanning dependencies of target test_noncentral_absolute_pose_sac[0m
[ 90%] [32mBuilding CXX object CMakeFiles/test_noncentral_absolute_pose_sac.dir/test/test_noncentral_absolute_pose_sac.cpp.o[0m
[ 91%] [32m[1mLinking CXX executable /home/mohammad/svo/devel/.private/opengv/lib/opengv/test_noncentral_absolute_pose_sac[0m
[ 91%] Built target test_noncentral_absolute_pose_sac
[35m[1mScanning dependencies of target test_noncentral_relative_pose[0m
[ 91%] [32mBuilding CXX object CMakeFiles/test_noncentral_relative_pose.dir/test/test_noncentral_relative_pose.cpp.o[0m
[ 92%] [32m[1mLinking CXX executable /home/mohammad/svo/devel/.private/opengv/lib/opengv/test_noncentral_relative_pose[0m
[ 92%] Built target test_noncentral_relative_pose
[35m[1mScanning dependencies of target test_point_cloud_sac[0m
[ 92%] [32mBuilding CXX object CMakeFiles/test_point_cloud_sac.dir/test/test_point_cloud_sac.cpp.o[0m
[ 93%] [32m[1mLinking CXX executable /home/mohammad/svo/devel/.private/opengv/lib/opengv/test_point_cloud_sac[0m
[ 93%] Built target test_point_cloud_sac
[35m[1mScanning dependencies of target test_relative_pose[0m
[ 94%] [32mBuilding CXX object CMakeFiles/test_relative_pose.dir/test/test_relative_pose.cpp.o[0m
[ 95%] [32m[1mLinking CXX executable /home/mohammad/svo/devel/.private/opengv/lib/opengv/test_relative_pose[0m
[ 95%] Built target test_relative_pose
[35m[1mScanning dependencies of target test_noncentral_absolute_pose[0m
[ 96%] [32mBuilding CXX object CMakeFiles/test_noncentral_absolute_pose.dir/test/test_noncentral_absolute_pose.cpp.o[0m
[ 97%] [32m[1mLinking CXX executable /home/mohammad/svo/devel/.private/opengv/lib/opengv/test_noncentral_absolute_pose[0m
[ 97%] Built target test_noncentral_absolute_pose
[35m[1mScanning dependencies of target test_absolute_pose[0m
[ 98%] [32mBuilding CXX object CMakeFiles/test_absolute_pose.dir/test/test_absolute_pose.cpp.o[0m
[100%] [32m[1mLinking CXX executable /home/mohammad/svo/devel/.private/opengv/lib/opengv/test_absolute_pose[0m
[100%] Built target test_absolute_pose
