[35m[1mScanning dependencies of target geometry_msgs_generate_messages_eus[0m
[  0%] Built target geometry_msgs_generate_messages_eus
[35m[1mScanning dependencies of target geometry_msgs_generate_messages_nodejs[0m
[  0%] Built target geometry_msgs_generate_messages_nodejs
[35m[1mScanning dependencies of target geometry_msgs_generate_messages_lisp[0m
[  0%] Built target geometry_msgs_generate_messages_lisp
[35m[1mScanning dependencies of target rosgraph_msgs_generate_messages_cpp[0m
[  0%] Built target rosgraph_msgs_generate_messages_cpp
[35m[1mScanning dependencies of target roscpp_generate_messages_nodejs[0m
[  0%] Built target roscpp_generate_messages_nodejs
[35m[1mScanning dependencies of target std_msgs_generate_messages_eus[0m
[  0%] Built target std_msgs_generate_messages_eus
[35m[1mScanning dependencies of target geometry_msgs_generate_messages_py[0m
[  0%] Built target geometry_msgs_generate_messages_py
[35m[1mScanning dependencies of target sensor_msgs_generate_messages_py[0m
[  0%] Built target sensor_msgs_generate_messages_py
[35m[1mScanning dependencies of target geometry_msgs_generate_messages_cpp[0m
[  0%] Built target geometry_msgs_generate_messages_cpp
[35m[1mScanning dependencies of target roscpp_generate_messages_eus[0m
[  0%] Built target roscpp_generate_messages_eus
[35m[1mScanning dependencies of target roscpp_generate_messages_py[0m
[  0%] Built target roscpp_generate_messages_py
[35m[1mScanning dependencies of target sensor_msgs_generate_messages_eus[0m
[  0%] Built target sensor_msgs_generate_messages_eus
[35m[1mScanning dependencies of target roscpp_generate_messages_cpp[0m
[  0%] Built target roscpp_generate_messages_cpp
[35m[1mScanning dependencies of target sensor_msgs_generate_messages_lisp[0m
[  0%] Built target sensor_msgs_generate_messages_lisp
[35m[1mScanning dependencies of target sensor_msgs_generate_messages_nodejs[0m
[  0%] Built target sensor_msgs_generate_messages_nodejs
[35m[1mScanning dependencies of target rosgraph_msgs_generate_messages_eus[0m
[  0%] Built target rosgraph_msgs_generate_messages_eus
[35m[1mScanning dependencies of target rosgraph_msgs_generate_messages_py[0m
[  0%] Built target rosgraph_msgs_generate_messages_py
[35m[1mScanning dependencies of target std_msgs_generate_messages_lisp[0m
[  0%] Built target std_msgs_generate_messages_lisp
[35m[1mScanning dependencies of target roscpp_generate_messages_lisp[0m
[  0%] Built target roscpp_generate_messages_lisp
[35m[1mScanning dependencies of target rosgraph_msgs_generate_messages_lisp[0m
[  0%] Built target rosgraph_msgs_generate_messages_lisp
[35m[1mScanning dependencies of target rosgraph_msgs_generate_messages_nodejs[0m
[  0%] Built target rosgraph_msgs_generate_messages_nodejs
[35m[1mScanning dependencies of target std_msgs_generate_messages_cpp[0m
[  0%] Built target std_msgs_generate_messages_cpp
[35m[1mScanning dependencies of target std_msgs_generate_messages_py[0m
[  0%] Built target std_msgs_generate_messages_py
[35m[1mScanning dependencies of target sensor_msgs_generate_messages_cpp[0m
[  0%] Built target sensor_msgs_generate_messages_cpp
[35m[1mScanning dependencies of target std_msgs_generate_messages_nodejs[0m
[  0%] Built target std_msgs_generate_messages_nodejs
[35m[1mScanning dependencies of target bow[0m
[ 10%] [32mBuilding CXX object CMakeFiles/bow.dir/src/bow.cpp.o[0m
[ 20%] [32m[1mLinking CXX shared library /home/mohammad/svo/devel/.private/svo_online_loopclosing/lib/libbow.so[0m
[ 20%] Built target bow
[35m[1mScanning dependencies of target svo_online_loopclosing[0m
[ 30%] [32mBuilding CXX object CMakeFiles/svo_online_loopclosing.dir/src/bow.cpp.o[0m
[ 40%] [32mBuilding CXX object CMakeFiles/svo_online_loopclosing.dir/src/geometric_verification.cpp.o[0m
[ 50%] [32mBuilding CXX object CMakeFiles/svo_online_loopclosing.dir/src/loop_closing.cpp.o[0m
[ 60%] [32mBuilding CXX object CMakeFiles/svo_online_loopclosing.dir/src/read_file.cpp.o[0m
[ 70%] [32mBuilding CXX object CMakeFiles/svo_online_loopclosing.dir/src/map_alignment.cpp.o[0m
[35m[1mScanning dependencies of target createvoc[0m
[ 80%] [32mBuilding CXX object CMakeFiles/createvoc.dir/test/createvoc.cpp.o[0m
[ 90%] [32m[1mLinking CXX executable /home/mohammad/svo/devel/.private/svo_online_loopclosing/lib/svo_online_loopclosing/createvoc[0m
[ 90%] Built target createvoc
[100%] [32m[1mLinking CXX shared library /home/mohammad/svo/devel/.private/svo_online_loopclosing/lib/libsvo_online_loopclosing.so[0m
[100%] Built target svo_online_loopclosing
