Determining if the pthread_create exist failed with the following output:
Change Dir: /home/mohammad/svo/build/vikit_cameras/CMakeFiles/CMakeTmp

Run Build Command:"/usr/bin/make" "cmTC_64022/fast"
/usr/bin/make -f CMakeFiles/cmTC_64022.dir/build.make CMakeFiles/cmTC_64022.dir/build
make[1]: Entering directory '/home/mohammad/svo/build/vikit_cameras/CMakeFiles/CMakeTmp'
Building C object CMakeFiles/cmTC_64022.dir/CheckSymbolExists.c.o
/usr/bin/cc    -o CMakeFiles/cmTC_64022.dir/CheckSymbolExists.c.o   -c /home/mohammad/svo/build/vikit_cameras/CMakeFiles/CMakeTmp/CheckSymbolExists.c
Linking C executable cmTC_64022
/usr/bin/cmake -E cmake_link_script CMakeFiles/cmTC_64022.dir/link.txt --verbose=1
/usr/bin/cc      -rdynamic CMakeFiles/cmTC_64022.dir/CheckSymbolExists.c.o  -o cmTC_64022 
CMakeFiles/cmTC_64022.dir/CheckSymbolExists.c.o: In function `main':
CheckSymbolExists.c:(.text+0x1b): undefined reference to `pthread_create'
collect2: error: ld returned 1 exit status
CMakeFiles/cmTC_64022.dir/build.make:97: recipe for target 'cmTC_64022' failed
make[1]: *** [cmTC_64022] Error 1
make[1]: Leaving directory '/home/mohammad/svo/build/vikit_cameras/CMakeFiles/CMakeTmp'
Makefile:126: recipe for target 'cmTC_64022/fast' failed
make: *** [cmTC_64022/fast] Error 2

File /home/mohammad/svo/build/vikit_cameras/CMakeFiles/CMakeTmp/CheckSymbolExists.c:
/* */
#include <pthread.h>

int main(int argc, char** argv)
{
  (void)argv;
#ifndef pthread_create
  return ((int*)(&pthread_create))[argc];
#else
  (void)argc;
  return 0;
#endif
}

Determining if the function pthread_create exists in the pthreads failed with the following output:
Change Dir: /home/mohammad/svo/build/vikit_cameras/CMakeFiles/CMakeTmp

Run Build Command:"/usr/bin/make" "cmTC_ce477/fast"
/usr/bin/make -f CMakeFiles/cmTC_ce477.dir/build.make CMakeFiles/cmTC_ce477.dir/build
make[1]: Entering directory '/home/mohammad/svo/build/vikit_cameras/CMakeFiles/CMakeTmp'
Building C object CMakeFiles/cmTC_ce477.dir/CheckFunctionExists.c.o
/usr/bin/cc   -DCHECK_FUNCTION_EXISTS=pthread_create   -o CMakeFiles/cmTC_ce477.dir/CheckFunctionExists.c.o   -c /usr/share/cmake-3.10/Modules/CheckFunctionExists.c
Linking C executable cmTC_ce477
/usr/bin/cmake -E cmake_link_script CMakeFiles/cmTC_ce477.dir/link.txt --verbose=1
/usr/bin/cc  -DCHECK_FUNCTION_EXISTS=pthread_create    -rdynamic CMakeFiles/cmTC_ce477.dir/CheckFunctionExists.c.o  -o cmTC_ce477 -lpthreads 
/usr/bin/ld: cannot find -lpthreads
collect2: error: ld returned 1 exit status
CMakeFiles/cmTC_ce477.dir/build.make:97: recipe for target 'cmTC_ce477' failed
make[1]: *** [cmTC_ce477] Error 1
make[1]: Leaving directory '/home/mohammad/svo/build/vikit_cameras/CMakeFiles/CMakeTmp'
Makefile:126: recipe for target 'cmTC_ce477/fast' failed
make: *** [cmTC_ce477/fast] Error 2


