Determining if the pthread_create exist failed with the following output:
Change Dir: /home/mohammad/svo/build/vikit_solver/CMakeFiles/CMakeTmp

Run Build Command:"/usr/bin/make" "cmTC_188ef/fast"
/usr/bin/make -f CMakeFiles/cmTC_188ef.dir/build.make CMakeFiles/cmTC_188ef.dir/build
make[1]: Entering directory '/home/mohammad/svo/build/vikit_solver/CMakeFiles/CMakeTmp'
Building C object CMakeFiles/cmTC_188ef.dir/CheckSymbolExists.c.o
/usr/bin/cc    -o CMakeFiles/cmTC_188ef.dir/CheckSymbolExists.c.o   -c /home/mohammad/svo/build/vikit_solver/CMakeFiles/CMakeTmp/CheckSymbolExists.c
Linking C executable cmTC_188ef
/usr/bin/cmake -E cmake_link_script CMakeFiles/cmTC_188ef.dir/link.txt --verbose=1
/usr/bin/cc      -rdynamic CMakeFiles/cmTC_188ef.dir/CheckSymbolExists.c.o  -o cmTC_188ef 
CMakeFiles/cmTC_188ef.dir/CheckSymbolExists.c.o: In function `main':
CheckSymbolExists.c:(.text+0x1b): undefined reference to `pthread_create'
collect2: error: ld returned 1 exit status
CMakeFiles/cmTC_188ef.dir/build.make:97: recipe for target 'cmTC_188ef' failed
make[1]: *** [cmTC_188ef] Error 1
make[1]: Leaving directory '/home/mohammad/svo/build/vikit_solver/CMakeFiles/CMakeTmp'
Makefile:126: recipe for target 'cmTC_188ef/fast' failed
make: *** [cmTC_188ef/fast] Error 2

File /home/mohammad/svo/build/vikit_solver/CMakeFiles/CMakeTmp/CheckSymbolExists.c:
/* */
#include <pthread.h>

int main(int argc, char** argv)
{
  (void)argv;
#ifndef pthread_create
  return ((int*)(&pthread_create))[argc];
#else
  (void)argc;
  return 0;
#endif
}

Determining if the function pthread_create exists in the pthreads failed with the following output:
Change Dir: /home/mohammad/svo/build/vikit_solver/CMakeFiles/CMakeTmp

Run Build Command:"/usr/bin/make" "cmTC_4349c/fast"
/usr/bin/make -f CMakeFiles/cmTC_4349c.dir/build.make CMakeFiles/cmTC_4349c.dir/build
make[1]: Entering directory '/home/mohammad/svo/build/vikit_solver/CMakeFiles/CMakeTmp'
Building C object CMakeFiles/cmTC_4349c.dir/CheckFunctionExists.c.o
/usr/bin/cc   -DCHECK_FUNCTION_EXISTS=pthread_create   -o CMakeFiles/cmTC_4349c.dir/CheckFunctionExists.c.o   -c /usr/share/cmake-3.10/Modules/CheckFunctionExists.c
Linking C executable cmTC_4349c
/usr/bin/cmake -E cmake_link_script CMakeFiles/cmTC_4349c.dir/link.txt --verbose=1
/usr/bin/cc  -DCHECK_FUNCTION_EXISTS=pthread_create    -rdynamic CMakeFiles/cmTC_4349c.dir/CheckFunctionExists.c.o  -o cmTC_4349c -lpthreads 
/usr/bin/ld: cannot find -lpthreads
collect2: error: ld returned 1 exit status
CMakeFiles/cmTC_4349c.dir/build.make:97: recipe for target 'cmTC_4349c' failed
make[1]: *** [cmTC_4349c] Error 1
make[1]: Leaving directory '/home/mohammad/svo/build/vikit_solver/CMakeFiles/CMakeTmp'
Makefile:126: recipe for target 'cmTC_4349c/fast' failed
make: *** [cmTC_4349c/fast] Error 2


