[35m[1mScanning dependencies of target CppUnitLite[0m
[  0%] [32mBuilding CXX object CppUnitLite/CMakeFiles/CppUnitLite.dir/Test.cpp.o[0m
[  0%] [32mBuilding CXX object CppUnitLite/CMakeFiles/CppUnitLite.dir/TestRegistry.cpp.o[0m
[  0%] [32mBuilding CXX object CppUnitLite/CMakeFiles/CppUnitLite.dir/TestResult.cpp.o[0m
[35m[1mScanning dependencies of target wrap_lib[0m
[  0%] [32mBuilding CXX object wrap/CMakeFiles/wrap_lib.dir/Argument.cpp.o[0m
[35m[1mScanning dependencies of target metis-gtsam[0m
[  0%] [32mBuilding C object gtsam/3rdparty/metis/libmetis/CMakeFiles/metis-gtsam.dir/__/GKlib/b64.c.o[0m
[  0%] [32mBuilding C object gtsam/3rdparty/metis/libmetis/CMakeFiles/metis-gtsam.dir/__/GKlib/blas.c.o[0m
[  2%] [32m[1mLinking CXX static library libCppUnitLite.a[0m
[  2%] Built target CppUnitLite
[  5%] [32mBuilding CXX object wrap/CMakeFiles/wrap_lib.dir/Class.cpp.o[0m
[  5%] [32mBuilding C object gtsam/3rdparty/metis/libmetis/CMakeFiles/metis-gtsam.dir/__/GKlib/csr.c.o[0m
[  5%] [32mBuilding C object gtsam/3rdparty/metis/libmetis/CMakeFiles/metis-gtsam.dir/__/GKlib/error.c.o[0m
[  5%] [32mBuilding C object gtsam/3rdparty/metis/libmetis/CMakeFiles/metis-gtsam.dir/__/GKlib/evaluate.c.o[0m
[  7%] [32mBuilding C object gtsam/3rdparty/metis/libmetis/CMakeFiles/metis-gtsam.dir/__/GKlib/fkvkselect.c.o[0m
[  7%] [32mBuilding C object gtsam/3rdparty/metis/libmetis/CMakeFiles/metis-gtsam.dir/__/GKlib/fs.c.o[0m
[  7%] [32mBuilding C object gtsam/3rdparty/metis/libmetis/CMakeFiles/metis-gtsam.dir/__/GKlib/getopt.c.o[0m
[  7%] [32mBuilding C object gtsam/3rdparty/metis/libmetis/CMakeFiles/metis-gtsam.dir/__/GKlib/gkregex.c.o[0m
[  7%] [32mBuilding C object gtsam/3rdparty/metis/libmetis/CMakeFiles/metis-gtsam.dir/__/GKlib/graph.c.o[0m
[  7%] [32mBuilding C object gtsam/3rdparty/metis/libmetis/CMakeFiles/metis-gtsam.dir/__/GKlib/htable.c.o[0m
[  7%] [32mBuilding C object gtsam/3rdparty/metis/libmetis/CMakeFiles/metis-gtsam.dir/__/GKlib/io.c.o[0m
[  7%] [32mBuilding C object gtsam/3rdparty/metis/libmetis/CMakeFiles/metis-gtsam.dir/__/GKlib/itemsets.c.o[0m
[  7%] [32mBuilding C object gtsam/3rdparty/metis/libmetis/CMakeFiles/metis-gtsam.dir/__/GKlib/mcore.c.o[0m
[ 10%] [32mBuilding C object gtsam/3rdparty/metis/libmetis/CMakeFiles/metis-gtsam.dir/__/GKlib/memory.c.o[0m
[ 10%] [32mBuilding C object gtsam/3rdparty/metis/libmetis/CMakeFiles/metis-gtsam.dir/__/GKlib/omp.c.o[0m
[ 10%] [32mBuilding CXX object wrap/CMakeFiles/wrap_lib.dir/Constructor.cpp.o[0m
[ 10%] [32mBuilding C object gtsam/3rdparty/metis/libmetis/CMakeFiles/metis-gtsam.dir/__/GKlib/pdb.c.o[0m
[ 10%] [32mBuilding C object gtsam/3rdparty/metis/libmetis/CMakeFiles/metis-gtsam.dir/__/GKlib/pqueue.c.o[0m
[ 10%] [32mBuilding C object gtsam/3rdparty/metis/libmetis/CMakeFiles/metis-gtsam.dir/__/GKlib/random.c.o[0m
[ 10%] [32mBuilding C object gtsam/3rdparty/metis/libmetis/CMakeFiles/metis-gtsam.dir/__/GKlib/rw.c.o[0m
[ 10%] [32mBuilding C object gtsam/3rdparty/metis/libmetis/CMakeFiles/metis-gtsam.dir/__/GKlib/seq.c.o[0m
[ 10%] [32mBuilding C object gtsam/3rdparty/metis/libmetis/CMakeFiles/metis-gtsam.dir/__/GKlib/sort.c.o[0m
[ 10%] [32mBuilding C object gtsam/3rdparty/metis/libmetis/CMakeFiles/metis-gtsam.dir/__/GKlib/string.c.o[0m
[ 10%] [32mBuilding C object gtsam/3rdparty/metis/libmetis/CMakeFiles/metis-gtsam.dir/__/GKlib/timers.c.o[0m
[ 12%] [32mBuilding C object gtsam/3rdparty/metis/libmetis/CMakeFiles/metis-gtsam.dir/__/GKlib/tokenizer.c.o[0m
[ 12%] [32mBuilding C object gtsam/3rdparty/metis/libmetis/CMakeFiles/metis-gtsam.dir/__/GKlib/util.c.o[0m
[ 12%] [32mBuilding C object gtsam/3rdparty/metis/libmetis/CMakeFiles/metis-gtsam.dir/auxapi.c.o[0m
[ 12%] [32mBuilding C object gtsam/3rdparty/metis/libmetis/CMakeFiles/metis-gtsam.dir/balance.c.o[0m
[ 12%] [32mBuilding C object gtsam/3rdparty/metis/libmetis/CMakeFiles/metis-gtsam.dir/bucketsort.c.o[0m
[ 12%] [32mBuilding C object gtsam/3rdparty/metis/libmetis/CMakeFiles/metis-gtsam.dir/checkgraph.c.o[0m
[ 12%] [32mBuilding CXX object wrap/CMakeFiles/wrap_lib.dir/Deconstructor.cpp.o[0m
[ 12%] [32mBuilding C object gtsam/3rdparty/metis/libmetis/CMakeFiles/metis-gtsam.dir/coarsen.c.o[0m
[ 12%] [32mBuilding C object gtsam/3rdparty/metis/libmetis/CMakeFiles/metis-gtsam.dir/compress.c.o[0m
[ 12%] [32mBuilding CXX object wrap/CMakeFiles/wrap_lib.dir/FileWriter.cpp.o[0m
[ 12%] [32mBuilding C object gtsam/3rdparty/metis/libmetis/CMakeFiles/metis-gtsam.dir/contig.c.o[0m
[ 15%] [32mBuilding C object gtsam/3rdparty/metis/libmetis/CMakeFiles/metis-gtsam.dir/debug.c.o[0m
[ 15%] [32mBuilding C object gtsam/3rdparty/metis/libmetis/CMakeFiles/metis-gtsam.dir/fm.c.o[0m
[ 15%] [32mBuilding CXX object wrap/CMakeFiles/wrap_lib.dir/FullyOverloadedFunction.cpp.o[0m
[ 15%] [32mBuilding C object gtsam/3rdparty/metis/libmetis/CMakeFiles/metis-gtsam.dir/fortran.c.o[0m
[ 15%] [32mBuilding C object gtsam/3rdparty/metis/libmetis/CMakeFiles/metis-gtsam.dir/frename.c.o[0m
[ 15%] [32mBuilding C object gtsam/3rdparty/metis/libmetis/CMakeFiles/metis-gtsam.dir/gklib.c.o[0m
[ 15%] [32mBuilding C object gtsam/3rdparty/metis/libmetis/CMakeFiles/metis-gtsam.dir/graph.c.o[0m
[ 15%] [32mBuilding C object gtsam/3rdparty/metis/libmetis/CMakeFiles/metis-gtsam.dir/initpart.c.o[0m
[ 15%] [32mBuilding C object gtsam/3rdparty/metis/libmetis/CMakeFiles/metis-gtsam.dir/kmetis.c.o[0m
[ 15%] [32mBuilding C object gtsam/3rdparty/metis/libmetis/CMakeFiles/metis-gtsam.dir/kwayfm.c.o[0m
[ 17%] [32mBuilding C object gtsam/3rdparty/metis/libmetis/CMakeFiles/metis-gtsam.dir/kwayrefine.c.o[0m
[ 17%] [32mBuilding C object gtsam/3rdparty/metis/libmetis/CMakeFiles/metis-gtsam.dir/mcutil.c.o[0m
[ 17%] [32mBuilding C object gtsam/3rdparty/metis/libmetis/CMakeFiles/metis-gtsam.dir/mesh.c.o[0m
[ 17%] [32mBuilding CXX object wrap/CMakeFiles/wrap_lib.dir/Function.cpp.o[0m
[ 17%] [32mBuilding C object gtsam/3rdparty/metis/libmetis/CMakeFiles/metis-gtsam.dir/meshpart.c.o[0m
[ 17%] [32mBuilding C object gtsam/3rdparty/metis/libmetis/CMakeFiles/metis-gtsam.dir/minconn.c.o[0m
[ 17%] [32mBuilding C object gtsam/3rdparty/metis/libmetis/CMakeFiles/metis-gtsam.dir/mincover.c.o[0m
[ 17%] [32mBuilding C object gtsam/3rdparty/metis/libmetis/CMakeFiles/metis-gtsam.dir/mmd.c.o[0m
[ 17%] [32mBuilding C object gtsam/3rdparty/metis/libmetis/CMakeFiles/metis-gtsam.dir/ometis.c.o[0m
[ 17%] [32mBuilding C object gtsam/3rdparty/metis/libmetis/CMakeFiles/metis-gtsam.dir/options.c.o[0m
[ 17%] [32mBuilding C object gtsam/3rdparty/metis/libmetis/CMakeFiles/metis-gtsam.dir/parmetis.c.o[0m
[ 20%] [32mBuilding C object gtsam/3rdparty/metis/libmetis/CMakeFiles/metis-gtsam.dir/pmetis.c.o[0m
[ 20%] [32mBuilding C object gtsam/3rdparty/metis/libmetis/CMakeFiles/metis-gtsam.dir/refine.c.o[0m
[ 20%] [32mBuilding C object gtsam/3rdparty/metis/libmetis/CMakeFiles/metis-gtsam.dir/separator.c.o[0m
[ 20%] [32mBuilding C object gtsam/3rdparty/metis/libmetis/CMakeFiles/metis-gtsam.dir/sfm.c.o[0m
[ 20%] [32mBuilding C object gtsam/3rdparty/metis/libmetis/CMakeFiles/metis-gtsam.dir/srefine.c.o[0m
[ 20%] [32mBuilding C object gtsam/3rdparty/metis/libmetis/CMakeFiles/metis-gtsam.dir/stat.c.o[0m
[ 20%] [32mBuilding C object gtsam/3rdparty/metis/libmetis/CMakeFiles/metis-gtsam.dir/timing.c.o[0m
[ 20%] [32mBuilding C object gtsam/3rdparty/metis/libmetis/CMakeFiles/metis-gtsam.dir/util.c.o[0m
[ 20%] [32mBuilding C object gtsam/3rdparty/metis/libmetis/CMakeFiles/metis-gtsam.dir/wspace.c.o[0m
[ 20%] [32mBuilding CXX object wrap/CMakeFiles/wrap_lib.dir/GlobalFunction.cpp.o[0m
[ 22%] [32m[1mLinking C shared library libmetis-gtsam.so[0m
[ 22%] Built target metis-gtsam
[35m[1mScanning dependencies of target gtsam[0m
[ 22%] [32mBuilding CXX object wrap/CMakeFiles/wrap_lib.dir/Method.cpp.o[0m
[ 22%] [32mBuilding C object gtsam/CMakeFiles/gtsam.dir/3rdparty/CCOLAMD/Source/ccolamd.c.o[0m
[ 25%] [32mBuilding C object gtsam/CMakeFiles/gtsam.dir/3rdparty/SuiteSparse_config/SuiteSparse_config.c.o[0m
[ 25%] [32mBuilding CXX object gtsam/CMakeFiles/gtsam.dir/base/DSFVector.cpp.o[0m
[ 25%] [32mBuilding CXX object gtsam/CMakeFiles/gtsam.dir/base/Matrix.cpp.o[0m
[ 25%] [32mBuilding CXX object wrap/CMakeFiles/wrap_lib.dir/MethodBase.cpp.o[0m
[ 27%] [32mBuilding CXX object wrap/CMakeFiles/wrap_lib.dir/Module.cpp.o[0m
[ 27%] [32mBuilding CXX object wrap/CMakeFiles/wrap_lib.dir/Qualified.cpp.o[0m
[ 27%] [32mBuilding CXX object wrap/CMakeFiles/wrap_lib.dir/ReturnType.cpp.o[0m
[ 27%] [32mBuilding CXX object wrap/CMakeFiles/wrap_lib.dir/ReturnValue.cpp.o[0m
[ 27%] [32mBuilding CXX object gtsam/CMakeFiles/gtsam.dir/base/SymmetricBlockMatrix.cpp.o[0m
[ 27%] [32mBuilding CXX object wrap/CMakeFiles/wrap_lib.dir/StaticMethod.cpp.o[0m
[ 27%] [32mBuilding CXX object wrap/CMakeFiles/wrap_lib.dir/TemplateInstantiationTypedef.cpp.o[0m
[ 27%] [32mBuilding CXX object wrap/CMakeFiles/wrap_lib.dir/TemplateMethod.cpp.o[0m
[ 27%] [32mBuilding CXX object gtsam/CMakeFiles/gtsam.dir/base/Vector.cpp.o[0m
[ 27%] [32mBuilding CXX object wrap/CMakeFiles/wrap_lib.dir/TypeAttributesTable.cpp.o[0m
[ 27%] [32mBuilding CXX object gtsam/CMakeFiles/gtsam.dir/base/VerticalBlockMatrix.cpp.o[0m
[ 27%] [32mBuilding CXX object gtsam/CMakeFiles/gtsam.dir/base/cholesky.cpp.o[0m
[ 27%] [32mBuilding CXX object wrap/CMakeFiles/wrap_lib.dir/utilities.cpp.o[0m
[ 27%] [32mBuilding CXX object gtsam/CMakeFiles/gtsam.dir/base/debug.cpp.o[0m
[ 30%] [32m[1mLinking CXX static library libwrap_lib.a[0m
[ 30%] Built target wrap_lib
[35m[1mScanning dependencies of target wrap[0m
[ 30%] [32mBuilding CXX object wrap/CMakeFiles/wrap.dir/wrap.cpp.o[0m
[ 30%] [32mBuilding CXX object gtsam/CMakeFiles/gtsam.dir/base/timing.cpp.o[0m
[ 32%] [32mBuilding CXX object gtsam/CMakeFiles/gtsam.dir/base/types.cpp.o[0m
[ 32%] [32mBuilding CXX object gtsam/CMakeFiles/gtsam.dir/geometry/Cal3Bundler.cpp.o[0m
[ 32%] [32m[1mLinking CXX executable wrap[0m
[ 32%] Built target wrap
[ 32%] [32mBuilding CXX object gtsam/CMakeFiles/gtsam.dir/geometry/Cal3DS2.cpp.o[0m
[ 32%] [32mBuilding CXX object gtsam/CMakeFiles/gtsam.dir/geometry/Cal3DS2_Base.cpp.o[0m
[ 32%] [32mBuilding CXX object gtsam/CMakeFiles/gtsam.dir/geometry/Cal3Fisheye.cpp.o[0m
[ 32%] [32mBuilding CXX object gtsam/CMakeFiles/gtsam.dir/geometry/Cal3Unified.cpp.o[0m
[ 32%] [32mBuilding CXX object gtsam/CMakeFiles/gtsam.dir/geometry/Cal3_S2.cpp.o[0m
[ 32%] [32mBuilding CXX object gtsam/CMakeFiles/gtsam.dir/geometry/Cal3_S2Stereo.cpp.o[0m
[ 32%] [32mBuilding CXX object gtsam/CMakeFiles/gtsam.dir/geometry/CalibratedCamera.cpp.o[0m
[ 32%] [32mBuilding CXX object gtsam/CMakeFiles/gtsam.dir/geometry/Cyclic.cpp.o[0m
[ 35%] [32mBuilding CXX object gtsam/CMakeFiles/gtsam.dir/geometry/EssentialMatrix.cpp.o[0m
[ 35%] [32mBuilding CXX object gtsam/CMakeFiles/gtsam.dir/geometry/Line3.cpp.o[0m
[ 35%] [32mBuilding CXX object gtsam/CMakeFiles/gtsam.dir/geometry/OrientedPlane3.cpp.o[0m
[ 35%] [32mBuilding CXX object gtsam/CMakeFiles/gtsam.dir/geometry/Point2.cpp.o[0m
[ 35%] [32mBuilding CXX object gtsam/CMakeFiles/gtsam.dir/geometry/Point3.cpp.o[0m
[ 35%] [32mBuilding CXX object gtsam/CMakeFiles/gtsam.dir/geometry/Pose2.cpp.o[0m
[ 35%] [32mBuilding CXX object gtsam/CMakeFiles/gtsam.dir/geometry/Pose3.cpp.o[0m
[ 35%] [32mBuilding CXX object gtsam/CMakeFiles/gtsam.dir/geometry/Rot2.cpp.o[0m
[ 35%] [32mBuilding CXX object gtsam/CMakeFiles/gtsam.dir/geometry/Rot3.cpp.o[0m
[ 37%] [32mBuilding CXX object gtsam/CMakeFiles/gtsam.dir/geometry/Rot3M.cpp.o[0m
[ 37%] [32mBuilding CXX object gtsam/CMakeFiles/gtsam.dir/geometry/SO3.cpp.o[0m
[ 37%] [32mBuilding CXX object gtsam/CMakeFiles/gtsam.dir/geometry/SO4.cpp.o[0m
[ 37%] [32mBuilding CXX object gtsam/CMakeFiles/gtsam.dir/geometry/SOn.cpp.o[0m
[ 37%] [32mBuilding CXX object gtsam/CMakeFiles/gtsam.dir/geometry/SimpleCamera.cpp.o[0m
[ 37%] [32mBuilding CXX object gtsam/CMakeFiles/gtsam.dir/geometry/StereoCamera.cpp.o[0m
[ 37%] [32mBuilding CXX object gtsam/CMakeFiles/gtsam.dir/geometry/StereoPoint2.cpp.o[0m
[ 37%] [32mBuilding CXX object gtsam/CMakeFiles/gtsam.dir/geometry/Unit3.cpp.o[0m
[ 37%] [32mBuilding CXX object gtsam/CMakeFiles/gtsam.dir/geometry/triangulation.cpp.o[0m
[ 40%] [32mBuilding CXX object gtsam/CMakeFiles/gtsam.dir/inference/BayesTree.cpp.o[0m
[ 40%] [32mBuilding CXX object gtsam/CMakeFiles/gtsam.dir/inference/Factor.cpp.o[0m
[ 40%] [32mBuilding CXX object gtsam/CMakeFiles/gtsam.dir/inference/Key.cpp.o[0m
[ 40%] [32mBuilding CXX object gtsam/CMakeFiles/gtsam.dir/inference/LabeledSymbol.cpp.o[0m
[ 40%] [32mBuilding CXX object gtsam/CMakeFiles/gtsam.dir/inference/Ordering.cpp.o[0m
[ 40%] [32mBuilding CXX object gtsam/CMakeFiles/gtsam.dir/inference/Symbol.cpp.o[0m
[ 40%] [32mBuilding CXX object gtsam/CMakeFiles/gtsam.dir/inference/VariableIndex.cpp.o[0m
[ 40%] [32mBuilding CXX object gtsam/CMakeFiles/gtsam.dir/inference/VariableSlots.cpp.o[0m
[ 40%] [32mBuilding CXX object gtsam/CMakeFiles/gtsam.dir/symbolic/SymbolicBayesNet.cpp.o[0m
[ 40%] [32mBuilding CXX object gtsam/CMakeFiles/gtsam.dir/symbolic/SymbolicBayesTree.cpp.o[0m
[ 42%] [32mBuilding CXX object gtsam/CMakeFiles/gtsam.dir/symbolic/SymbolicConditional.cpp.o[0m
[ 42%] [32mBuilding CXX object gtsam/CMakeFiles/gtsam.dir/symbolic/SymbolicEliminationTree.cpp.o[0m
[ 42%] [32mBuilding CXX object gtsam/CMakeFiles/gtsam.dir/symbolic/SymbolicFactor.cpp.o[0m
[ 42%] [32mBuilding CXX object gtsam/CMakeFiles/gtsam.dir/symbolic/SymbolicFactorGraph.cpp.o[0m
[ 42%] [32mBuilding CXX object gtsam/CMakeFiles/gtsam.dir/symbolic/SymbolicISAM.cpp.o[0m
[ 42%] [32mBuilding CXX object gtsam/CMakeFiles/gtsam.dir/symbolic/SymbolicJunctionTree.cpp.o[0m
[ 42%] [32mBuilding CXX object gtsam/CMakeFiles/gtsam.dir/discrete/DecisionTreeFactor.cpp.o[0m
[ 42%] [32mBuilding CXX object gtsam/CMakeFiles/gtsam.dir/discrete/DiscreteBayesNet.cpp.o[0m
[ 42%] [32mBuilding CXX object gtsam/CMakeFiles/gtsam.dir/discrete/DiscreteBayesTree.cpp.o[0m
[ 45%] [32mBuilding CXX object gtsam/CMakeFiles/gtsam.dir/discrete/DiscreteConditional.cpp.o[0m
[ 45%] [32mBuilding CXX object gtsam/CMakeFiles/gtsam.dir/discrete/DiscreteEliminationTree.cpp.o[0m
[ 45%] [32mBuilding CXX object gtsam/CMakeFiles/gtsam.dir/discrete/DiscreteFactor.cpp.o[0m
[ 45%] [32mBuilding CXX object gtsam/CMakeFiles/gtsam.dir/discrete/DiscreteFactorGraph.cpp.o[0m
[ 45%] [32mBuilding CXX object gtsam/CMakeFiles/gtsam.dir/discrete/DiscreteJunctionTree.cpp.o[0m
[ 45%] [32mBuilding CXX object gtsam/CMakeFiles/gtsam.dir/discrete/DiscreteKey.cpp.o[0m
[ 45%] [32mBuilding CXX object gtsam/CMakeFiles/gtsam.dir/discrete/Potentials.cpp.o[0m
[ 45%] [32mBuilding CXX object gtsam/CMakeFiles/gtsam.dir/discrete/Signature.cpp.o[0m
[ 45%] [32mBuilding CXX object gtsam/CMakeFiles/gtsam.dir/linear/ConjugateGradientSolver.cpp.o[0m
[ 47%] [32mBuilding CXX object gtsam/CMakeFiles/gtsam.dir/linear/Errors.cpp.o[0m
[ 47%] [32mBuilding CXX object gtsam/CMakeFiles/gtsam.dir/linear/GaussianBayesNet.cpp.o[0m
[ 47%] [32mBuilding CXX object gtsam/CMakeFiles/gtsam.dir/linear/GaussianBayesTree.cpp.o[0m
[ 47%] [32mBuilding CXX object gtsam/CMakeFiles/gtsam.dir/linear/GaussianConditional.cpp.o[0m
[ 47%] [32mBuilding CXX object gtsam/CMakeFiles/gtsam.dir/linear/GaussianDensity.cpp.o[0m
[ 47%] [32mBuilding CXX object gtsam/CMakeFiles/gtsam.dir/linear/GaussianEliminationTree.cpp.o[0m
[ 47%] [32mBuilding CXX object gtsam/CMakeFiles/gtsam.dir/linear/GaussianFactor.cpp.o[0m
[ 47%] [32mBuilding CXX object gtsam/CMakeFiles/gtsam.dir/linear/GaussianFactorGraph.cpp.o[0m
[ 47%] [32mBuilding CXX object gtsam/CMakeFiles/gtsam.dir/linear/GaussianISAM.cpp.o[0m
[ 47%] [32mBuilding CXX object gtsam/CMakeFiles/gtsam.dir/linear/GaussianJunctionTree.cpp.o[0m
[ 50%] [32mBuilding CXX object gtsam/CMakeFiles/gtsam.dir/linear/HessianFactor.cpp.o[0m
[ 50%] [32mBuilding CXX object gtsam/CMakeFiles/gtsam.dir/linear/IterativeSolver.cpp.o[0m
[ 50%] [32mBuilding CXX object gtsam/CMakeFiles/gtsam.dir/linear/JacobianFactor.cpp.o[0m
[ 50%] [32mBuilding CXX object gtsam/CMakeFiles/gtsam.dir/linear/KalmanFilter.cpp.o[0m
[ 50%] [32mBuilding CXX object gtsam/CMakeFiles/gtsam.dir/linear/LossFunctions.cpp.o[0m
[ 50%] [32mBuilding CXX object gtsam/CMakeFiles/gtsam.dir/linear/NoiseModel.cpp.o[0m
[ 50%] [32mBuilding CXX object gtsam/CMakeFiles/gtsam.dir/linear/PCGSolver.cpp.o[0m
[ 50%] [32mBuilding CXX object gtsam/CMakeFiles/gtsam.dir/linear/Preconditioner.cpp.o[0m
[ 50%] [32mBuilding CXX object gtsam/CMakeFiles/gtsam.dir/linear/Sampler.cpp.o[0m
[ 52%] [32mBuilding CXX object gtsam/CMakeFiles/gtsam.dir/linear/Scatter.cpp.o[0m
[ 52%] [32mBuilding CXX object gtsam/CMakeFiles/gtsam.dir/linear/SubgraphBuilder.cpp.o[0m
[ 52%] [32mBuilding CXX object gtsam/CMakeFiles/gtsam.dir/linear/SubgraphPreconditioner.cpp.o[0m
[ 52%] [32mBuilding CXX object gtsam/CMakeFiles/gtsam.dir/linear/SubgraphSolver.cpp.o[0m
[ 52%] [32mBuilding CXX object gtsam/CMakeFiles/gtsam.dir/linear/VectorValues.cpp.o[0m
[ 52%] [32mBuilding CXX object gtsam/CMakeFiles/gtsam.dir/linear/iterative.cpp.o[0m
[ 52%] [32mBuilding CXX object gtsam/CMakeFiles/gtsam.dir/linear/linearExceptions.cpp.o[0m
[ 52%] [32mBuilding CXX object gtsam/CMakeFiles/gtsam.dir/nonlinear/DoglegOptimizer.cpp.o[0m
[ 52%] [32mBuilding CXX object gtsam/CMakeFiles/gtsam.dir/nonlinear/DoglegOptimizerImpl.cpp.o[0m
[ 55%] [32mBuilding CXX object gtsam/CMakeFiles/gtsam.dir/nonlinear/GaussNewtonOptimizer.cpp.o[0m
[ 55%] [32mBuilding CXX object gtsam/CMakeFiles/gtsam.dir/nonlinear/ISAM2-impl.cpp.o[0m
[ 55%] [32mBuilding CXX object gtsam/CMakeFiles/gtsam.dir/nonlinear/ISAM2.cpp.o[0m
[ 55%] [32mBuilding CXX object gtsam/CMakeFiles/gtsam.dir/nonlinear/ISAM2Clique.cpp.o[0m
[ 55%] [32mBuilding CXX object gtsam/CMakeFiles/gtsam.dir/nonlinear/ISAM2Params.cpp.o[0m
[ 55%] [32mBuilding CXX object gtsam/CMakeFiles/gtsam.dir/nonlinear/LevenbergMarquardtOptimizer.cpp.o[0m
[ 55%] [32mBuilding CXX object gtsam/CMakeFiles/gtsam.dir/nonlinear/LevenbergMarquardtParams.cpp.o[0m
[ 55%] [32mBuilding CXX object gtsam/CMakeFiles/gtsam.dir/nonlinear/LinearContainerFactor.cpp.o[0m
[ 55%] [32mBuilding CXX object gtsam/CMakeFiles/gtsam.dir/nonlinear/Marginals.cpp.o[0m
[ 55%] [32mBuilding CXX object gtsam/CMakeFiles/gtsam.dir/nonlinear/NonlinearConjugateGradientOptimizer.cpp.o[0m
[ 57%] [32mBuilding CXX object gtsam/CMakeFiles/gtsam.dir/nonlinear/NonlinearFactor.cpp.o[0m
[ 57%] [32mBuilding CXX object gtsam/CMakeFiles/gtsam.dir/nonlinear/NonlinearFactorGraph.cpp.o[0m
[ 57%] [32mBuilding CXX object gtsam/CMakeFiles/gtsam.dir/nonlinear/NonlinearISAM.cpp.o[0m
[ 57%] [32mBuilding CXX object gtsam/CMakeFiles/gtsam.dir/nonlinear/NonlinearOptimizer.cpp.o[0m
[ 57%] [32mBuilding CXX object gtsam/CMakeFiles/gtsam.dir/nonlinear/NonlinearOptimizerParams.cpp.o[0m
[ 57%] [32mBuilding CXX object gtsam/CMakeFiles/gtsam.dir/nonlinear/Values.cpp.o[0m
[ 57%] [32mBuilding CXX object gtsam/CMakeFiles/gtsam.dir/sfm/TranslationRecovery.cpp.o[0m
[ 57%] [32mBuilding CXX object gtsam/CMakeFiles/gtsam.dir/slam/EssentialMatrixConstraint.cpp.o[0m
[ 57%] [32mBuilding CXX object gtsam/CMakeFiles/gtsam.dir/slam/FrobeniusFactor.cpp.o[0m
[ 60%] [32mBuilding CXX object gtsam/CMakeFiles/gtsam.dir/slam/InitializePose3.cpp.o[0m
[ 60%] [32mBuilding CXX object gtsam/CMakeFiles/gtsam.dir/slam/OrientedPlane3Factor.cpp.o[0m
[ 60%] [32mBuilding CXX object gtsam/CMakeFiles/gtsam.dir/slam/dataset.cpp.o[0m
[ 60%] [32mBuilding CXX object gtsam/CMakeFiles/gtsam.dir/slam/lago.cpp.o[0m
[ 60%] [32mBuilding CXX object gtsam/CMakeFiles/gtsam.dir/navigation/AHRSFactor.cpp.o[0m
[ 60%] [32mBuilding CXX object gtsam/CMakeFiles/gtsam.dir/navigation/AttitudeFactor.cpp.o[0m
[ 60%] [32mBuilding CXX object gtsam/CMakeFiles/gtsam.dir/navigation/CombinedImuFactor.cpp.o[0m
[ 60%] [32mBuilding CXX object gtsam/CMakeFiles/gtsam.dir/navigation/GPSFactor.cpp.o[0m
[ 60%] [32mBuilding CXX object gtsam/CMakeFiles/gtsam.dir/navigation/ImuBias.cpp.o[0m
[ 62%] [32mBuilding CXX object gtsam/CMakeFiles/gtsam.dir/navigation/ImuFactor.cpp.o[0m
[ 62%] [32mBuilding CXX object gtsam/CMakeFiles/gtsam.dir/navigation/ManifoldPreintegration.cpp.o[0m
[ 62%] [32mBuilding CXX object gtsam/CMakeFiles/gtsam.dir/navigation/NavState.cpp.o[0m
[ 62%] [32mBuilding CXX object gtsam/CMakeFiles/gtsam.dir/navigation/PreintegratedRotation.cpp.o[0m
[ 62%] [32mBuilding CXX object gtsam/CMakeFiles/gtsam.dir/navigation/PreintegrationBase.cpp.o[0m
[ 62%] [32mBuilding CXX object gtsam/CMakeFiles/gtsam.dir/navigation/PreintegrationParams.cpp.o[0m
[ 62%] [32mBuilding CXX object gtsam/CMakeFiles/gtsam.dir/navigation/ScenarioRunner.cpp.o[0m
[ 62%] [32mBuilding CXX object gtsam/CMakeFiles/gtsam.dir/navigation/TangentPreintegration.cpp.o[0m
[ 62%] [32m[1mLinking CXX shared library libgtsam.so[0m
[ 62%] Built target gtsam
[35m[1mScanning dependencies of target easyPoint2KalmanFilter[0m
[ 62%] [32mBuilding CXX object examples/CMakeFiles/easyPoint2KalmanFilter.dir/easyPoint2KalmanFilter.cpp.o[0m
[35m[1mScanning dependencies of target VisualISAMExample[0m
[ 62%] [32mBuilding CXX object examples/CMakeFiles/VisualISAMExample.dir/VisualISAMExample.cpp.o[0m
[ 62%] [32m[1mLinking CXX executable easyPoint2KalmanFilter[0m
[ 62%] Built target easyPoint2KalmanFilter
[35m[1mScanning dependencies of target UGM_chain[0m
[ 62%] [32mBuilding CXX object examples/CMakeFiles/UGM_chain.dir/UGM_chain.cpp.o[0m
[ 62%] [32m[1mLinking CXX executable VisualISAMExample[0m
[ 62%] Built target VisualISAMExample
[35m[1mScanning dependencies of target StereoVOExample_large[0m
[ 65%] [32mBuilding CXX object examples/CMakeFiles/StereoVOExample_large.dir/StereoVOExample_large.cpp.o[0m
[ 65%] [32m[1mLinking CXX executable UGM_chain[0m
[ 65%] Built target UGM_chain
[35m[1mScanning dependencies of target StereoVOExample[0m
[ 65%] [32mBuilding CXX object examples/CMakeFiles/StereoVOExample.dir/StereoVOExample.cpp.o[0m
[ 65%] [32m[1mLinking CXX executable StereoVOExample_large[0m
[ 65%] Built target StereoVOExample_large
[35m[1mScanning dependencies of target SolverComparer[0m
[ 65%] [32mBuilding CXX object examples/CMakeFiles/SolverComparer.dir/SolverComparer.cpp.o[0m
[ 65%] [32m[1mLinking CXX executable StereoVOExample[0m
[ 65%] Built target StereoVOExample
[35m[1mScanning dependencies of target SelfCalibrationExample[0m
[ 65%] [32mBuilding CXX object examples/CMakeFiles/SelfCalibrationExample.dir/SelfCalibrationExample.cpp.o[0m
[ 65%] [32m[1mLinking CXX executable SolverComparer[0m
[ 65%] Built target SolverComparer
[35m[1mScanning dependencies of target SFMExample_bal[0m
[ 65%] [32mBuilding CXX object examples/CMakeFiles/SFMExample_bal.dir/SFMExample_bal.cpp.o[0m
[ 65%] [32m[1mLinking CXX executable SelfCalibrationExample[0m
[ 65%] Built target SelfCalibrationExample
[35m[1mScanning dependencies of target SFMExample_SmartFactorPCG[0m
[ 65%] [32mBuilding CXX object examples/CMakeFiles/SFMExample_SmartFactorPCG.dir/SFMExample_SmartFactorPCG.cpp.o[0m
[ 65%] [32m[1mLinking CXX executable SFMExample_bal[0m
[ 65%] Built target SFMExample_bal
[35m[1mScanning dependencies of target SFMExample[0m
[ 65%] [32mBuilding CXX object examples/CMakeFiles/SFMExample.dir/SFMExample.cpp.o[0m
[ 65%] [32m[1mLinking CXX executable SFMExample_SmartFactorPCG[0m
[ 65%] Built target SFMExample_SmartFactorPCG
[35m[1mScanning dependencies of target RangeISAMExample_plaza2[0m
[ 65%] [32mBuilding CXX object examples/CMakeFiles/RangeISAMExample_plaza2.dir/RangeISAMExample_plaza2.cpp.o[0m
[ 65%] [32m[1mLinking CXX executable SFMExample[0m
[ 65%] Built target SFMExample
[ 65%] [32m[1mLinking CXX executable RangeISAMExample_plaza2[0m
[ 65%] Built target RangeISAMExample_plaza2
[35m[1mScanning dependencies of target METISOrderingExample[0m
[ 65%] [32mBuilding CXX object examples/CMakeFiles/METISOrderingExample.dir/METISOrderingExample.cpp.o[0m
[ 67%] [32m[1mLinking CXX executable METISOrderingExample[0m
[ 67%] Built target METISOrderingExample
[35m[1mScanning dependencies of target LocalizationExample[0m
[ 67%] [32mBuilding CXX object examples/CMakeFiles/LocalizationExample.dir/LocalizationExample.cpp.o[0m
[ 67%] [32m[1mLinking CXX executable LocalizationExample[0m
[ 67%] Built target LocalizationExample
[35m[1mScanning dependencies of target UGM_small[0m
[ 67%] [32mBuilding CXX object examples/CMakeFiles/UGM_small.dir/UGM_small.cpp.o[0m
[ 67%] [32m[1mLinking CXX executable UGM_small[0m
[ 67%] Built target UGM_small
[35m[1mScanning dependencies of target InverseKinematicsExampleExpressions[0m
[ 67%] [32mBuilding CXX object examples/CMakeFiles/InverseKinematicsExampleExpressions.dir/InverseKinematicsExampleExpressions.cpp.o[0m
[ 67%] [32m[1mLinking CXX executable InverseKinematicsExampleExpressions[0m
[ 67%] Built target InverseKinematicsExampleExpressions
[35m[1mScanning dependencies of target SimpleRotation[0m
[ 67%] [32mBuilding CXX object examples/CMakeFiles/SimpleRotation.dir/SimpleRotation.cpp.o[0m
[ 67%] [32m[1mLinking CXX executable SimpleRotation[0m
[ 67%] Built target SimpleRotation
[35m[1mScanning dependencies of target ISAM2Example_SmartFactor[0m
[ 67%] [32mBuilding CXX object examples/CMakeFiles/ISAM2Example_SmartFactor.dir/ISAM2Example_SmartFactor.cpp.o[0m
[35m[1mScanning dependencies of target Pose2SLAMExample_graphviz[0m
[ 67%] [32mBuilding CXX object examples/CMakeFiles/Pose2SLAMExample_graphviz.dir/Pose2SLAMExample_graphviz.cpp.o[0m
[ 67%] [32m[1mLinking CXX executable Pose2SLAMExample_graphviz[0m
[ 67%] Built target Pose2SLAMExample_graphviz
[35m[1mScanning dependencies of target ISAM2_SmartFactorStereo_IMU[0m
[ 67%] [32mBuilding CXX object examples/CMakeFiles/ISAM2_SmartFactorStereo_IMU.dir/ISAM2_SmartFactorStereo_IMU.cpp.o[0m
[ 67%] [32m[1mLinking CXX executable ISAM2Example_SmartFactor[0m
[ 67%] Built target ISAM2Example_SmartFactor
[35m[1mScanning dependencies of target CameraResectioning[0m
[ 67%] [32mBuilding CXX object examples/CMakeFiles/CameraResectioning.dir/CameraResectioning.cpp.o[0m
[35m[1mScanning dependencies of target ImuFactorsExample[0m
[ 67%] [32mBuilding CXX object examples/CMakeFiles/ImuFactorsExample.dir/ImuFactorsExample.cpp.o[0m
[ 67%] [32m[1mLinking CXX executable CameraResectioning[0m
[ 67%] Built target CameraResectioning
[35m[1mScanning dependencies of target DiscreteBayesNetExample[0m
[ 67%] [32mBuilding CXX object examples/CMakeFiles/DiscreteBayesNetExample.dir/DiscreteBayesNetExample.cpp.o[0m
[ 67%] [32m[1mLinking CXX executable DiscreteBayesNetExample[0m
[ 67%] Built target DiscreteBayesNetExample
[35m[1mScanning dependencies of target FisheyeExample[0m
[ 67%] [32mBuilding CXX object examples/CMakeFiles/FisheyeExample.dir/FisheyeExample.cpp.o[0m
[ 67%] [32m[1mLinking CXX executable ImuFactorsExample[0m
[ 67%] Built target ImuFactorsExample
[35m[1mScanning dependencies of target VisualISAM2Example[0m
[ 70%] [32mBuilding CXX object examples/CMakeFiles/VisualISAM2Example.dir/VisualISAM2Example.cpp.o[0m
[ 70%] [32m[1mLinking CXX executable ISAM2_SmartFactorStereo_IMU[0m
[ 70%] Built target ISAM2_SmartFactorStereo_IMU
[35m[1mScanning dependencies of target SFMExampleExpressions[0m
[ 72%] [32mBuilding CXX object examples/CMakeFiles/SFMExampleExpressions.dir/SFMExampleExpressions.cpp.o[0m
[ 72%] [32m[1mLinking CXX executable FisheyeExample[0m
[ 72%] Built target FisheyeExample
[35m[1mScanning dependencies of target IMUKittiExampleGPS[0m
[ 72%] [32mBuilding CXX object examples/CMakeFiles/IMUKittiExampleGPS.dir/IMUKittiExampleGPS.cpp.o[0m
[ 72%] [32m[1mLinking CXX executable VisualISAM2Example[0m
[ 72%] Built target VisualISAM2Example
[35m[1mScanning dependencies of target Pose2SLAMExample_graph[0m
[ 72%] [32mBuilding CXX object examples/CMakeFiles/Pose2SLAMExample_graph.dir/Pose2SLAMExample_graph.cpp.o[0m
[ 72%] [32m[1mLinking CXX executable Pose2SLAMExample_graph[0m
[ 72%] Built target Pose2SLAMExample_graph
[35m[1mScanning dependencies of target CreateSFMExampleData[0m
[ 72%] [32mBuilding CXX object examples/CMakeFiles/CreateSFMExampleData.dir/CreateSFMExampleData.cpp.o[0m
[ 72%] [32m[1mLinking CXX executable IMUKittiExampleGPS[0m
[ 72%] Built target IMUKittiExampleGPS
[35m[1mScanning dependencies of target Pose2SLAMExample_g2o[0m
[ 75%] [32mBuilding CXX object examples/CMakeFiles/Pose2SLAMExample_g2o.dir/Pose2SLAMExample_g2o.cpp.o[0m
[ 75%] [32m[1mLinking CXX executable CreateSFMExampleData[0m
[ 75%] Built target CreateSFMExampleData
[35m[1mScanning dependencies of target SFMExample_bal_COLAMD_METIS[0m
[ 77%] [32mBuilding CXX object examples/CMakeFiles/SFMExample_bal_COLAMD_METIS.dir/SFMExample_bal_COLAMD_METIS.cpp.o[0m
[ 77%] [32m[1mLinking CXX executable SFMExampleExpressions[0m
[ 77%] Built target SFMExampleExpressions
[35m[1mScanning dependencies of target Pose2SLAMwSPCG[0m
[ 80%] [32mBuilding CXX object examples/CMakeFiles/Pose2SLAMwSPCG.dir/Pose2SLAMwSPCG.cpp.o[0m
[ 80%] [32m[1mLinking CXX executable Pose2SLAMExample_g2o[0m
[ 80%] Built target Pose2SLAMExample_g2o
[35m[1mScanning dependencies of target ImuFactorExample2[0m
[ 82%] [32mBuilding CXX object examples/CMakeFiles/ImuFactorExample2.dir/ImuFactorExample2.cpp.o[0m
[ 82%] [32m[1mLinking CXX executable Pose2SLAMwSPCG[0m
[ 82%] Built target Pose2SLAMwSPCG
[35m[1mScanning dependencies of target Pose3SLAMExample_initializePose3Chordal[0m
[ 82%] [32mBuilding CXX object examples/CMakeFiles/Pose3SLAMExample_initializePose3Chordal.dir/Pose3SLAMExample_initializePose3Chordal.cpp.o[0m
[ 82%] [32m[1mLinking CXX executable ImuFactorExample2[0m
[ 82%] [32m[1mLinking CXX executable SFMExample_bal_COLAMD_METIS[0m
[ 82%] Built target ImuFactorExample2
[ 82%] Built target SFMExample_bal_COLAMD_METIS
[35m[1mScanning dependencies of target SFMExampleExpressions_bal[0m
[ 82%] [32mBuilding CXX object examples/CMakeFiles/SFMExampleExpressions_bal.dir/SFMExampleExpressions_bal.cpp.o[0m
[35m[1mScanning dependencies of target Pose2SLAMStressTest[0m
[ 82%] [32mBuilding CXX object examples/CMakeFiles/Pose2SLAMStressTest.dir/Pose2SLAMStressTest.cpp.o[0m
[ 82%] [32m[1mLinking CXX executable Pose3SLAMExample_initializePose3Chordal[0m
[ 82%] Built target Pose3SLAMExample_initializePose3Chordal
[35m[1mScanning dependencies of target SFMExample_SmartFactor[0m
[ 82%] [32mBuilding CXX object examples/CMakeFiles/SFMExample_SmartFactor.dir/SFMExample_SmartFactor.cpp.o[0m
[ 82%] [32m[1mLinking CXX executable Pose2SLAMStressTest[0m
[ 82%] Built target Pose2SLAMStressTest
[35m[1mScanning dependencies of target HMMExample[0m
[ 82%] [32mBuilding CXX object examples/CMakeFiles/HMMExample.dir/HMMExample.cpp.o[0m
[ 82%] [32m[1mLinking CXX executable HMMExample[0m
[ 82%] Built target HMMExample
[35m[1mScanning dependencies of target PlanarSLAMExample[0m
[ 82%] [32mBuilding CXX object examples/CMakeFiles/PlanarSLAMExample.dir/PlanarSLAMExample.cpp.o[0m
[ 82%] [32m[1mLinking CXX executable SFMExampleExpressions_bal[0m
[ 82%] Built target SFMExampleExpressions_bal
[35m[1mScanning dependencies of target TimeTBB[0m
[ 82%] [32mBuilding CXX object examples/CMakeFiles/TimeTBB.dir/TimeTBB.cpp.o[0m
[ 82%] [32m[1mLinking CXX executable PlanarSLAMExample[0m
[ 82%] Built target PlanarSLAMExample
[35m[1mScanning dependencies of target Pose2SLAMExample[0m
[ 82%] [32mBuilding CXX object examples/CMakeFiles/Pose2SLAMExample.dir/Pose2SLAMExample.cpp.o[0m
[ 82%] [32m[1mLinking CXX executable TimeTBB[0m
[ 82%] Built target TimeTBB
[35m[1mScanning dependencies of target Pose2SLAMExampleExpressions[0m
[ 82%] [32mBuilding CXX object examples/CMakeFiles/Pose2SLAMExampleExpressions.dir/Pose2SLAMExampleExpressions.cpp.o[0m
[ 82%] [32m[1mLinking CXX executable SFMExample_SmartFactor[0m
[ 82%] Built target SFMExample_SmartFactor
[35m[1mScanning dependencies of target Pose2SLAMExample_lago[0m
[ 82%] [32mBuilding CXX object examples/CMakeFiles/Pose2SLAMExample_lago.dir/Pose2SLAMExample_lago.cpp.o[0m
[ 82%] [32m[1mLinking CXX executable Pose2SLAMExample[0m
[ 82%] Built target Pose2SLAMExample
[35m[1mScanning dependencies of target Pose3SLAMExample_initializePose3Gradient[0m
[ 82%] [32mBuilding CXX object examples/CMakeFiles/Pose3SLAMExample_initializePose3Gradient.dir/Pose3SLAMExample_initializePose3Gradient.cpp.o[0m
[ 82%] [32m[1mLinking CXX executable Pose2SLAMExample_lago[0m
[ 82%] Built target Pose2SLAMExample_lago
[35m[1mScanning dependencies of target DiscreteBayesNet_FG[0m
[ 82%] [32mBuilding CXX object examples/CMakeFiles/DiscreteBayesNet_FG.dir/DiscreteBayesNet_FG.cpp.o[0m
[ 82%] [32m[1mLinking CXX executable Pose3SLAMExample_initializePose3Gradient[0m
[ 82%] Built target Pose3SLAMExample_initializePose3Gradient
[35m[1mScanning dependencies of target Pose3Localization[0m
[ 82%] [32mBuilding CXX object examples/CMakeFiles/Pose3Localization.dir/Pose3Localization.cpp.o[0m
[ 82%] [32m[1mLinking CXX executable DiscreteBayesNet_FG[0m
[ 82%] Built target DiscreteBayesNet_FG
[35m[1mScanning dependencies of target Pose3SLAMExampleExpressions_BearingRangeWithTransform[0m
[ 82%] [32mBuilding CXX object examples/CMakeFiles/Pose3SLAMExampleExpressions_BearingRangeWithTransform.dir/Pose3SLAMExampleExpressions_BearingRangeWithTransform.cpp.o[0m
[ 82%] [32m[1mLinking CXX executable Pose2SLAMExampleExpressions[0m
[ 82%] Built target Pose2SLAMExampleExpressions
[35m[1mScanning dependencies of target OdometryExample[0m
[ 82%] [32mBuilding CXX object examples/CMakeFiles/OdometryExample.dir/OdometryExample.cpp.o[0m
[ 82%] [32m[1mLinking CXX executable Pose3Localization[0m
[ 82%] Built target Pose3Localization
[35m[1mScanning dependencies of target Pose3SLAMExample_changeKeys[0m
[ 82%] [32mBuilding CXX object examples/CMakeFiles/Pose3SLAMExample_changeKeys.dir/Pose3SLAMExample_changeKeys.cpp.o[0m
[ 82%] [32m[1mLinking CXX executable OdometryExample[0m
[ 82%] Built target OdometryExample
[35m[1mScanning dependencies of target Pose3SLAMExample_g2o[0m
[ 82%] [32mBuilding CXX object examples/CMakeFiles/Pose3SLAMExample_g2o.dir/Pose3SLAMExample_g2o.cpp.o[0m
[ 82%] [32m[1mLinking CXX executable Pose3SLAMExample_changeKeys[0m
[ 82%] Built target Pose3SLAMExample_changeKeys
[35m[1mScanning dependencies of target gtsam_unstable[0m
[ 82%] [32mBuilding CXX object gtsam_unstable/CMakeFiles/gtsam_unstable.dir/base/Dummy.cpp.o[0m
[ 85%] [32mBuilding CXX object gtsam_unstable/CMakeFiles/gtsam_unstable.dir/geometry/BearingS2.cpp.o[0m
[ 87%] [32m[1mLinking CXX executable Pose3SLAMExample_g2o[0m
[ 87%] Built target Pose3SLAMExample_g2o
[ 87%] [32mBuilding CXX object gtsam_unstable/CMakeFiles/gtsam_unstable.dir/geometry/Event.cpp.o[0m
[ 87%] [32m[1mLinking CXX executable Pose3SLAMExampleExpressions_BearingRangeWithTransform[0m
[ 87%] Built target Pose3SLAMExampleExpressions_BearingRangeWithTransform
[ 87%] [32mBuilding CXX object gtsam_unstable/CMakeFiles/gtsam_unstable.dir/geometry/Pose3Upright.cpp.o[0m
[ 87%] [32mBuilding CXX object gtsam_unstable/CMakeFiles/gtsam_unstable.dir/geometry/SimPolygon2D.cpp.o[0m
[ 87%] [32mBuilding CXX object gtsam_unstable/CMakeFiles/gtsam_unstable.dir/geometry/SimWall2D.cpp.o[0m
[ 87%] [32mBuilding CXX object gtsam_unstable/CMakeFiles/gtsam_unstable.dir/geometry/Similarity3.cpp.o[0m
[ 87%] [32mBuilding CXX object gtsam_unstable/CMakeFiles/gtsam_unstable.dir/linear/LPInitSolver.cpp.o[0m
[ 87%] [32mBuilding CXX object gtsam_unstable/CMakeFiles/gtsam_unstable.dir/linear/LPSolver.cpp.o[0m
[ 87%] [32mBuilding CXX object gtsam_unstable/CMakeFiles/gtsam_unstable.dir/linear/QPSParser.cpp.o[0m
[ 90%] [32mBuilding CXX object gtsam_unstable/CMakeFiles/gtsam_unstable.dir/linear/QPSolver.cpp.o[0m
[ 90%] [32mBuilding CXX object gtsam_unstable/CMakeFiles/gtsam_unstable.dir/discrete/AllDiff.cpp.o[0m
[ 90%] [32mBuilding CXX object gtsam_unstable/CMakeFiles/gtsam_unstable.dir/discrete/CSP.cpp.o[0m
[ 90%] [32mBuilding CXX object gtsam_unstable/CMakeFiles/gtsam_unstable.dir/discrete/Domain.cpp.o[0m
[ 90%] [32mBuilding CXX object gtsam_unstable/CMakeFiles/gtsam_unstable.dir/discrete/Scheduler.cpp.o[0m
[ 90%] [32mBuilding CXX object gtsam_unstable/CMakeFiles/gtsam_unstable.dir/discrete/SingleValue.cpp.o[0m
[ 90%] [32mBuilding CXX object gtsam_unstable/CMakeFiles/gtsam_unstable.dir/dynamics/PoseRTV.cpp.o[0m
[ 90%] [32mBuilding CXX object gtsam_unstable/CMakeFiles/gtsam_unstable.dir/dynamics/SimpleHelicopter.cpp.o[0m
[ 90%] [32mBuilding CXX object gtsam_unstable/CMakeFiles/gtsam_unstable.dir/nonlinear/BatchFixedLagSmoother.cpp.o[0m
[ 92%] [32mBuilding CXX object gtsam_unstable/CMakeFiles/gtsam_unstable.dir/nonlinear/ConcurrentBatchFilter.cpp.o[0m
[ 92%] [32mBuilding CXX object gtsam_unstable/CMakeFiles/gtsam_unstable.dir/nonlinear/ConcurrentBatchSmoother.cpp.o[0m
[ 92%] [32mBuilding CXX object gtsam_unstable/CMakeFiles/gtsam_unstable.dir/nonlinear/ConcurrentFilteringAndSmoothing.cpp.o[0m
[ 92%] [32mBuilding CXX object gtsam_unstable/CMakeFiles/gtsam_unstable.dir/nonlinear/ConcurrentIncrementalFilter.cpp.o[0m
[ 92%] [32mBuilding CXX object gtsam_unstable/CMakeFiles/gtsam_unstable.dir/nonlinear/ConcurrentIncrementalSmoother.cpp.o[0m
[ 92%] [32mBuilding CXX object gtsam_unstable/CMakeFiles/gtsam_unstable.dir/nonlinear/FixedLagSmoother.cpp.o[0m
[ 92%] [32mBuilding CXX object gtsam_unstable/CMakeFiles/gtsam_unstable.dir/nonlinear/IncrementalFixedLagSmoother.cpp.o[0m
[ 92%] [32mBuilding CXX object gtsam_unstable/CMakeFiles/gtsam_unstable.dir/nonlinear/LinearizedFactor.cpp.o[0m
[ 92%] [32mBuilding CXX object gtsam_unstable/CMakeFiles/gtsam_unstable.dir/slam/AHRS.cpp.o[0m
[ 92%] [32mBuilding CXX object gtsam_unstable/CMakeFiles/gtsam_unstable.dir/slam/DummyFactor.cpp.o[0m
[ 95%] [32mBuilding CXX object gtsam_unstable/CMakeFiles/gtsam_unstable.dir/slam/Mechanization_bRn2.cpp.o[0m
[ 95%] [32mBuilding CXX object gtsam_unstable/CMakeFiles/gtsam_unstable.dir/slam/RelativeElevationFactor.cpp.o[0m
[ 95%] [32mBuilding CXX object gtsam_unstable/CMakeFiles/gtsam_unstable.dir/partition/GenericGraph.cpp.o[0m
[ 95%] [32m[1mLinking CXX shared library libgtsam_unstable.so[0m
[ 95%] Built target gtsam_unstable
[35m[1mScanning dependencies of target schedulingExample[0m
[ 95%] [32mBuilding CXX object gtsam_unstable/discrete/examples/CMakeFiles/schedulingExample.dir/schedulingExample.cpp.o[0m
[35m[1mScanning dependencies of target schedulingQuals12[0m
[ 95%] [32mBuilding CXX object gtsam_unstable/discrete/examples/CMakeFiles/schedulingQuals12.dir/schedulingQuals12.cpp.o[0m
[35m[1mScanning dependencies of target schedulingQuals13[0m
[ 95%] [32mBuilding CXX object gtsam_unstable/discrete/examples/CMakeFiles/schedulingQuals13.dir/schedulingQuals13.cpp.o[0m
[ 95%] [32m[1mLinking CXX executable schedulingExample[0m
[ 95%] Built target schedulingExample
[35m[1mScanning dependencies of target TimeOfArrivalExample[0m
[ 95%] [32mBuilding CXX object gtsam_unstable/examples/CMakeFiles/TimeOfArrivalExample.dir/TimeOfArrivalExample.cpp.o[0m
[ 95%] [32m[1mLinking CXX executable schedulingQuals12[0m
[ 95%] Built target schedulingQuals12
[35m[1mScanning dependencies of target ConcurrentCalibration[0m
[ 95%] [32mBuilding CXX object gtsam_unstable/examples/CMakeFiles/ConcurrentCalibration.dir/ConcurrentCalibration.cpp.o[0m
[ 95%] [32m[1mLinking CXX executable schedulingQuals13[0m
[ 95%] Built target schedulingQuals13
[35m[1mScanning dependencies of target ConcurrentFilteringAndSmoothingExample[0m
[ 95%] [32mBuilding CXX object gtsam_unstable/examples/CMakeFiles/ConcurrentFilteringAndSmoothingExample.dir/ConcurrentFilteringAndSmoothingExample.cpp.o[0m
[ 95%] [32m[1mLinking CXX executable ConcurrentCalibration[0m
[ 95%] Built target ConcurrentCalibration
[35m[1mScanning dependencies of target SmartStereoProjectionFactorExample[0m
[ 95%] [32mBuilding CXX object gtsam_unstable/examples/CMakeFiles/SmartStereoProjectionFactorExample.dir/SmartStereoProjectionFactorExample.cpp.o[0m
[ 95%] [32m[1mLinking CXX executable TimeOfArrivalExample[0m
[ 95%] Built target TimeOfArrivalExample
[35m[1mScanning dependencies of target SmartProjectionFactorExample[0m
[ 95%] [32mBuilding CXX object gtsam_unstable/examples/CMakeFiles/SmartProjectionFactorExample.dir/SmartProjectionFactorExample.cpp.o[0m
[ 95%] [32m[1mLinking CXX executable ConcurrentFilteringAndSmoothingExample[0m
[ 95%] Built target ConcurrentFilteringAndSmoothingExample
[35m[1mScanning dependencies of target FixedLagSmootherExample[0m
[ 97%] [32mBuilding CXX object gtsam_unstable/examples/CMakeFiles/FixedLagSmootherExample.dir/FixedLagSmootherExample.cpp.o[0m
[ 97%] [32m[1mLinking CXX executable FixedLagSmootherExample[0m
[ 97%] Built target FixedLagSmootherExample
[35m[1mScanning dependencies of target SmartRangeExample_plaza1[0m
[ 97%] [32mBuilding CXX object gtsam_unstable/examples/CMakeFiles/SmartRangeExample_plaza1.dir/SmartRangeExample_plaza1.cpp.o[0m
[ 97%] [32m[1mLinking CXX executable SmartStereoProjectionFactorExample[0m
[ 97%] Built target SmartStereoProjectionFactorExample
[35m[1mScanning dependencies of target SmartRangeExample_plaza2[0m
[ 97%] [32mBuilding CXX object gtsam_unstable/examples/CMakeFiles/SmartRangeExample_plaza2.dir/SmartRangeExample_plaza2.cpp.o[0m
[100%] [32m[1mLinking CXX executable SmartRangeExample_plaza1[0m
[100%] Built target SmartRangeExample_plaza1
[100%] [32m[1mLinking CXX executable SmartProjectionFactorExample[0m
[100%] Built target SmartProjectionFactorExample
[100%] [32m[1mLinking CXX executable SmartRangeExample_plaza2[0m
[100%] Built target SmartRangeExample_plaza2
