[35m[1mScanning dependencies of target _svo_msgs_generate_messages_check_deps_Feature[0m
[  0%] Built target _svo_msgs_generate_messages_check_deps_Feature
[35m[1mScanning dependencies of target geometry_msgs_generate_messages_cpp[0m
[  0%] Built target geometry_msgs_generate_messages_cpp
[35m[1mScanning dependencies of target _svo_msgs_generate_messages_check_deps_DenseInputWithFeatures[0m
[  0%] Built target _svo_msgs_generate_messages_check_deps_DenseInputWithFeatures
[35m[1mScanning dependencies of target _svo_msgs_generate_messages_check_deps_Info[0m
[  0%] Built target _svo_msgs_generate_messages_check_deps_Info
[35m[1mScanning dependencies of target sensor_msgs_generate_messages_cpp[0m
[  0%] Built target sensor_msgs_generate_messages_cpp
[35m[1mScanning dependencies of target _svo_msgs_generate_messages_check_deps_DenseInput[0m
[  0%] Built target _svo_msgs_generate_messages_check_deps_DenseInput
[35m[1mScanning dependencies of target _svo_msgs_generate_messages_check_deps_NbvTrajectory[0m
[  0%] Built target _svo_msgs_generate_messages_check_deps_NbvTrajectory
[35m[1mScanning dependencies of target sensor_msgs_generate_messages_py[0m
[  0%] Built target sensor_msgs_generate_messages_py
[35m[1mScanning dependencies of target geometry_msgs_generate_messages_py[0m
[  0%] Built target geometry_msgs_generate_messages_py
[35m[1mScanning dependencies of target geometry_msgs_generate_messages_nodejs[0m
[  0%] Built target geometry_msgs_generate_messages_nodejs
[35m[1mScanning dependencies of target sensor_msgs_generate_messages_nodejs[0m
[  0%] Built target sensor_msgs_generate_messages_nodejs
[35m[1mScanning dependencies of target geometry_msgs_generate_messages_lisp[0m
[  0%] Built target geometry_msgs_generate_messages_lisp
[35m[1mScanning dependencies of target sensor_msgs_generate_messages_lisp[0m
[  0%] Built target sensor_msgs_generate_messages_lisp
[35m[1mScanning dependencies of target geometry_msgs_generate_messages_eus[0m
[  0%] Built target geometry_msgs_generate_messages_eus
[35m[1mScanning dependencies of target sensor_msgs_generate_messages_eus[0m
[  0%] Built target sensor_msgs_generate_messages_eus
[35m[1mScanning dependencies of target svo_msgs_generate_messages_cpp[0m
[  3%] [34m[1mGenerating C++ code from svo_msgs/DenseInputWithFeatures.msg[0m
[  7%] [34m[1mGenerating C++ code from svo_msgs/NbvTrajectory.msg[0m
[ 11%] [34m[1mGenerating C++ code from svo_msgs/Feature.msg[0m
[ 14%] [34m[1mGenerating C++ code from svo_msgs/Info.msg[0m
[ 18%] [34m[1mGenerating C++ code from svo_msgs/DenseInput.msg[0m
[ 18%] Built target svo_msgs_generate_messages_cpp
[35m[1mScanning dependencies of target svo_msgs_generate_messages_py[0m
[ 22%] [34m[1mGenerating Python from MSG svo_msgs/DenseInputWithFeatures[0m
[ 25%] [34m[1mGenerating Python from MSG svo_msgs/NbvTrajectory[0m
[ 29%] [34m[1mGenerating Python from MSG svo_msgs/Feature[0m
[ 33%] [34m[1mGenerating Python from MSG svo_msgs/Info[0m
[ 37%] [34m[1mGenerating Python from MSG svo_msgs/DenseInput[0m
[35m[1mScanning dependencies of target svo_msgs_generate_messages_nodejs[0m
[ 40%] [34m[1mGenerating Javascript code from svo_msgs/DenseInputWithFeatures.msg[0m
[ 44%] [34m[1mGenerating Python msg __init__.py for svo_msgs[0m
[ 48%] [34m[1mGenerating Javascript code from svo_msgs/NbvTrajectory.msg[0m
[ 51%] [34m[1mGenerating Javascript code from svo_msgs/Feature.msg[0m
[ 55%] [34m[1mGenerating Javascript code from svo_msgs/Info.msg[0m
[ 55%] Built target svo_msgs_generate_messages_py
[ 59%] [34m[1mGenerating Javascript code from svo_msgs/DenseInput.msg[0m
[35m[1mScanning dependencies of target svo_msgs_generate_messages_lisp[0m
[ 62%] [34m[1mGenerating Lisp code from svo_msgs/DenseInputWithFeatures.msg[0m
[ 62%] Built target svo_msgs_generate_messages_nodejs
[35m[1mScanning dependencies of target svo_msgs_generate_messages_eus[0m
[ 66%] [34m[1mGenerating EusLisp code from svo_msgs/DenseInputWithFeatures.msg[0m
[ 70%] [34m[1mGenerating Lisp code from svo_msgs/NbvTrajectory.msg[0m
[ 74%] [34m[1mGenerating Lisp code from svo_msgs/Feature.msg[0m
[ 77%] [34m[1mGenerating EusLisp code from svo_msgs/NbvTrajectory.msg[0m
[ 81%] [34m[1mGenerating Lisp code from svo_msgs/Info.msg[0m
[ 85%] [34m[1mGenerating Lisp code from svo_msgs/DenseInput.msg[0m
[ 88%] [34m[1mGenerating EusLisp code from svo_msgs/Feature.msg[0m
[ 88%] Built target svo_msgs_generate_messages_lisp
[ 92%] [34m[1mGenerating EusLisp code from svo_msgs/Info.msg[0m
[ 96%] [34m[1mGenerating EusLisp code from svo_msgs/DenseInput.msg[0m
[100%] [34m[1mGenerating EusLisp manifest code for svo_msgs[0m
[100%] Built target svo_msgs_generate_messages_eus
[35m[1mScanning dependencies of target svo_msgs_generate_messages[0m
[100%] Built target svo_msgs_generate_messages
