[35m[1mScanning dependencies of target dbow2_src[0m
[ 10%] [34m[1mCreating directories for 'dbow2_src'[0m
[ 20%] [34m[1mPerforming download step (git clone) for 'dbow2_src'[0m
Cloning into 'dbow2_src'...
Already on 'master'
Your branch is up to date with 'origin/master'.
[ 30%] [34m[1mNo patch step for 'dbow2_src'[0m
[ 40%] [34m[1mPerforming update step for 'dbow2_src'[0m
Current branch master is up to date.
[ 50%] [34m[1mPerforming configure step for 'dbow2_src'[0m
-- The C compiler identification is GNU 9.4.0
-- The CXX compiler identification is GNU 9.4.0
-- Check for working C compiler: /usr/bin/cc
-- Check for working C compiler: /usr/bin/cc -- works
-- Detecting C compiler ABI info
-- Detecting C compiler ABI info - done
-- Detecting C compile features
-- Detecting C compile features - done
-- Check for working CXX compiler: /usr/bin/c++
-- Check for working CXX compiler: /usr/bin/c++ -- works
-- Detecting CXX compiler ABI info
-- Detecting CXX compiler ABI info - done
-- Detecting CXX compile features
-- Detecting CXX compile features - done
-- Found OpenCV: /usr (found version "3.2.0") 
-- Configuring done
-- Generating done
-- Build files have been written to: /home/mohammad/svo/build/dbow2_catkin/dbow2_src-prefix/src/dbow2_src-build
[ 60%] [34m[1mPerforming build step for 'dbow2_src'[0m
make[3]: warning: jobserver unavailable: using -j1.  Add '+' to parent make rule.
[35m[1mScanning dependencies of target DBoW2[0m
[ 11%] [32mBuilding CXX object CMakeFiles/DBoW2.dir/src/BowVector.cpp.o[0m
[ 22%] [32mBuilding CXX object CMakeFiles/DBoW2.dir/src/FBrief.cpp.o[0m
[ 33%] [32mBuilding CXX object CMakeFiles/DBoW2.dir/src/FORB.cpp.o[0m
[ 44%] [32mBuilding CXX object CMakeFiles/DBoW2.dir/src/FeatureVector.cpp.o[0m
[ 55%] [32mBuilding CXX object CMakeFiles/DBoW2.dir/src/QueryResults.cpp.o[0m
[ 66%] [32mBuilding CXX object CMakeFiles/DBoW2.dir/src/ScoringObject.cpp.o[0m
[ 77%] [32m[1mLinking CXX shared library libDBoW2.so[0m
[ 77%] Built target DBoW2
[35m[1mScanning dependencies of target demo[0m
[ 88%] [32mBuilding CXX object CMakeFiles/demo.dir/demo/demo.cpp.o[0m
[100%] [32m[1mLinking CXX executable demo[0m
[100%] Built target demo
[ 70%] [34m[1mPerforming install step for 'dbow2_src'[0m
make[3]: warning: jobserver unavailable: using -j1.  Add '+' to parent make rule.
[ 77%] Built target DBoW2
[100%] Built target demo
[36mInstall the project...[0m
-- Install configuration: "Release"
-- Installing: /home/mohammad/svo/devel/.private/dbow2_catkin/lib/libDBoW2.so
-- Installing: /home/mohammad/svo/devel/.private/dbow2_catkin/include/DBoW2
-- Installing: /home/mohammad/svo/devel/.private/dbow2_catkin/include/DBoW2/TemplatedVocabulary.h
-- Installing: /home/mohammad/svo/devel/.private/dbow2_catkin/include/DBoW2/FeatureVector.h
-- Installing: /home/mohammad/svo/devel/.private/dbow2_catkin/include/DBoW2/TemplatedDatabase.h
-- Installing: /home/mohammad/svo/devel/.private/dbow2_catkin/include/DBoW2/ScoringObject.h
-- Installing: /home/mohammad/svo/devel/.private/dbow2_catkin/include/DBoW2/FSurf64.h
-- Installing: /home/mohammad/svo/devel/.private/dbow2_catkin/include/DBoW2/FBrief.h
-- Installing: /home/mohammad/svo/devel/.private/dbow2_catkin/include/DBoW2/BowVector.h
-- Installing: /home/mohammad/svo/devel/.private/dbow2_catkin/include/DBoW2/DBoW2.h
-- Installing: /home/mohammad/svo/devel/.private/dbow2_catkin/include/DBoW2/FORB.h
-- Installing: /home/mohammad/svo/devel/.private/dbow2_catkin/include/DBoW2/FClass.h
-- Installing: /home/mohammad/svo/devel/.private/dbow2_catkin/include/DBoW2/QueryResults.h
-- Installing: /home/mohammad/svo/devel/.private/dbow2_catkin/include/DBoW2/DBoW2Config.cmake
-- Installing: /home/mohammad/svo/devel/.private/dbow2_catkin/lib/cmake/DBoW2/DBoW2Config.cmake
[ 80%] [34m[1mCompleted 'dbow2_src'[0m
[ 80%] Built target dbow2_src
[35m[1mScanning dependencies of target dbow2_catkin[0m
[ 90%] [32mBuilding CXX object CMakeFiles/dbow2_catkin.dir/src/dependency_tracker.cc.o[0m
[100%] [32m[1mLinking CXX shared library /home/mohammad/svo/devel/.private/dbow2_catkin/lib/libdbow2_catkin.so[0m
[100%] Built target dbow2_catkin
