Determining if the pthread_create exist failed with the following output:
Change Dir: /home/mohammad/svo/build/svo_online_loopclosing/CMakeFiles/CMakeTmp

Run Build Command:"/usr/bin/make" "cmTC_fa498/fast"
/usr/bin/make -f CMakeFiles/cmTC_fa498.dir/build.make CMakeFiles/cmTC_fa498.dir/build
make[1]: Entering directory '/home/mohammad/svo/build/svo_online_loopclosing/CMakeFiles/CMakeTmp'
Building C object CMakeFiles/cmTC_fa498.dir/CheckSymbolExists.c.o
/usr/bin/cc    -o CMakeFiles/cmTC_fa498.dir/CheckSymbolExists.c.o   -c /home/mohammad/svo/build/svo_online_loopclosing/CMakeFiles/CMakeTmp/CheckSymbolExists.c
Linking C executable cmTC_fa498
/usr/bin/cmake -E cmake_link_script CMakeFiles/cmTC_fa498.dir/link.txt --verbose=1
/usr/bin/cc      -rdynamic CMakeFiles/cmTC_fa498.dir/CheckSymbolExists.c.o  -o cmTC_fa498 
CMakeFiles/cmTC_fa498.dir/CheckSymbolExists.c.o: In function `main':
CheckSymbolExists.c:(.text+0x1b): undefined reference to `pthread_create'
collect2: error: ld returned 1 exit status
CMakeFiles/cmTC_fa498.dir/build.make:97: recipe for target 'cmTC_fa498' failed
make[1]: *** [cmTC_fa498] Error 1
make[1]: Leaving directory '/home/mohammad/svo/build/svo_online_loopclosing/CMakeFiles/CMakeTmp'
Makefile:126: recipe for target 'cmTC_fa498/fast' failed
make: *** [cmTC_fa498/fast] Error 2

File /home/mohammad/svo/build/svo_online_loopclosing/CMakeFiles/CMakeTmp/CheckSymbolExists.c:
/* */
#include <pthread.h>

int main(int argc, char** argv)
{
  (void)argv;
#ifndef pthread_create
  return ((int*)(&pthread_create))[argc];
#else
  (void)argc;
  return 0;
#endif
}

Determining if the function pthread_create exists in the pthreads failed with the following output:
Change Dir: /home/mohammad/svo/build/svo_online_loopclosing/CMakeFiles/CMakeTmp

Run Build Command:"/usr/bin/make" "cmTC_1cde3/fast"
/usr/bin/make -f CMakeFiles/cmTC_1cde3.dir/build.make CMakeFiles/cmTC_1cde3.dir/build
make[1]: Entering directory '/home/mohammad/svo/build/svo_online_loopclosing/CMakeFiles/CMakeTmp'
Building C object CMakeFiles/cmTC_1cde3.dir/CheckFunctionExists.c.o
/usr/bin/cc   -DCHECK_FUNCTION_EXISTS=pthread_create   -o CMakeFiles/cmTC_1cde3.dir/CheckFunctionExists.c.o   -c /usr/share/cmake-3.10/Modules/CheckFunctionExists.c
Linking C executable cmTC_1cde3
/usr/bin/cmake -E cmake_link_script CMakeFiles/cmTC_1cde3.dir/link.txt --verbose=1
/usr/bin/cc  -DCHECK_FUNCTION_EXISTS=pthread_create    -rdynamic CMakeFiles/cmTC_1cde3.dir/CheckFunctionExists.c.o  -o cmTC_1cde3 -lpthreads 
/usr/bin/ld: cannot find -lpthreads
collect2: error: ld returned 1 exit status
CMakeFiles/cmTC_1cde3.dir/build.make:97: recipe for target 'cmTC_1cde3' failed
make[1]: *** [cmTC_1cde3] Error 1
make[1]: Leaving directory '/home/mohammad/svo/build/svo_online_loopclosing/CMakeFiles/CMakeTmp'
Makefile:126: recipe for target 'cmTC_1cde3/fast' failed
make: *** [cmTC_1cde3/fast] Error 2


