Determining if the pthread_create exist failed with the following output:
Change Dir: /home/mohammad/svo/build/fast/CMakeFiles/CMakeTmp

Run Build Command:"/usr/bin/make" "cmTC_b8f2a/fast"
/usr/bin/make -f CMakeFiles/cmTC_b8f2a.dir/build.make CMakeFiles/cmTC_b8f2a.dir/build
make[1]: Entering directory '/home/mohammad/svo/build/fast/CMakeFiles/CMakeTmp'
Building C object CMakeFiles/cmTC_b8f2a.dir/CheckSymbolExists.c.o
/usr/bin/cc    -o CMakeFiles/cmTC_b8f2a.dir/CheckSymbolExists.c.o   -c /home/mohammad/svo/build/fast/CMakeFiles/CMakeTmp/CheckSymbolExists.c
Linking C executable cmTC_b8f2a
/usr/bin/cmake -E cmake_link_script CMakeFiles/cmTC_b8f2a.dir/link.txt --verbose=1
/usr/bin/cc      -rdynamic CMakeFiles/cmTC_b8f2a.dir/CheckSymbolExists.c.o  -o cmTC_b8f2a 
CMakeFiles/cmTC_b8f2a.dir/CheckSymbolExists.c.o: In function `main':
CheckSymbolExists.c:(.text+0x1b): undefined reference to `pthread_create'
collect2: error: ld returned 1 exit status
CMakeFiles/cmTC_b8f2a.dir/build.make:97: recipe for target 'cmTC_b8f2a' failed
make[1]: *** [cmTC_b8f2a] Error 1
make[1]: Leaving directory '/home/mohammad/svo/build/fast/CMakeFiles/CMakeTmp'
Makefile:126: recipe for target 'cmTC_b8f2a/fast' failed
make: *** [cmTC_b8f2a/fast] Error 2

File /home/mohammad/svo/build/fast/CMakeFiles/CMakeTmp/CheckSymbolExists.c:
/* */
#include <pthread.h>

int main(int argc, char** argv)
{
  (void)argv;
#ifndef pthread_create
  return ((int*)(&pthread_create))[argc];
#else
  (void)argc;
  return 0;
#endif
}

Determining if the function pthread_create exists in the pthreads failed with the following output:
Change Dir: /home/mohammad/svo/build/fast/CMakeFiles/CMakeTmp

Run Build Command:"/usr/bin/make" "cmTC_1c30d/fast"
/usr/bin/make -f CMakeFiles/cmTC_1c30d.dir/build.make CMakeFiles/cmTC_1c30d.dir/build
make[1]: Entering directory '/home/mohammad/svo/build/fast/CMakeFiles/CMakeTmp'
Building C object CMakeFiles/cmTC_1c30d.dir/CheckFunctionExists.c.o
/usr/bin/cc   -DCHECK_FUNCTION_EXISTS=pthread_create   -o CMakeFiles/cmTC_1c30d.dir/CheckFunctionExists.c.o   -c /usr/share/cmake-3.10/Modules/CheckFunctionExists.c
Linking C executable cmTC_1c30d
/usr/bin/cmake -E cmake_link_script CMakeFiles/cmTC_1c30d.dir/link.txt --verbose=1
/usr/bin/cc  -DCHECK_FUNCTION_EXISTS=pthread_create    -rdynamic CMakeFiles/cmTC_1c30d.dir/CheckFunctionExists.c.o  -o cmTC_1c30d -lpthreads 
/usr/bin/ld: cannot find -lpthreads
collect2: error: ld returned 1 exit status
CMakeFiles/cmTC_1c30d.dir/build.make:97: recipe for target 'cmTC_1c30d' failed
make[1]: *** [cmTC_1c30d] Error 1
make[1]: Leaving directory '/home/mohammad/svo/build/fast/CMakeFiles/CMakeTmp'
Makefile:126: recipe for target 'cmTC_1c30d/fast' failed
make: *** [cmTC_1c30d/fast] Error 2


