[35m[1mScanning dependencies of target visualization_msgs_generate_messages_py[0m
[  0%] Built target visualization_msgs_generate_messages_py
[35m[1mScanning dependencies of target roscpp_generate_messages_eus[0m
[  0%] Built target roscpp_generate_messages_eus
[35m[1mScanning dependencies of target std_msgs_generate_messages_nodejs[0m
[  0%] Built target std_msgs_generate_messages_nodejs
[35m[1mScanning dependencies of target geometry_msgs_generate_messages_eus[0m
[  0%] Built target geometry_msgs_generate_messages_eus
[35m[1mScanning dependencies of target std_msgs_generate_messages_cpp[0m
[  0%] Built target std_msgs_generate_messages_cpp
[35m[1mScanning dependencies of target tf2_msgs_generate_messages_cpp[0m
[  0%] Built target tf2_msgs_generate_messages_cpp
[35m[1mScanning dependencies of target roscpp_generate_messages_nodejs[0m
[  0%] Built target roscpp_generate_messages_nodejs
[35m[1mScanning dependencies of target geometry_msgs_generate_messages_lisp[0m
[  0%] Built target geometry_msgs_generate_messages_lisp
[35m[1mScanning dependencies of target tf_generate_messages_cpp[0m
[  0%] Built target tf_generate_messages_cpp
[35m[1mScanning dependencies of target roscpp_generate_messages_lisp[0m
[  0%] Built target roscpp_generate_messages_lisp
[35m[1mScanning dependencies of target actionlib_generate_messages_lisp[0m
[  0%] Built target actionlib_generate_messages_lisp
[35m[1mScanning dependencies of target roscpp_generate_messages_cpp[0m
[  0%] Built target roscpp_generate_messages_cpp
[35m[1mScanning dependencies of target geometry_msgs_generate_messages_py[0m
[  0%] Built target geometry_msgs_generate_messages_py
[35m[1mScanning dependencies of target tf2_msgs_generate_messages_eus[0m
[  0%] Built target tf2_msgs_generate_messages_eus
[35m[1mScanning dependencies of target sensor_msgs_generate_messages_py[0m
[  0%] Built target sensor_msgs_generate_messages_py
[35m[1mScanning dependencies of target sensor_msgs_generate_messages_nodejs[0m
[  0%] Built target sensor_msgs_generate_messages_nodejs
[35m[1mScanning dependencies of target std_msgs_generate_messages_lisp[0m
[  0%] Built target std_msgs_generate_messages_lisp
[35m[1mScanning dependencies of target tf_generate_messages_eus[0m
[  0%] Built target tf_generate_messages_eus
[35m[1mScanning dependencies of target rosgraph_msgs_generate_messages_lisp[0m
[  0%] Built target rosgraph_msgs_generate_messages_lisp
[35m[1mScanning dependencies of target actionlib_msgs_generate_messages_eus[0m
[  0%] Built target actionlib_msgs_generate_messages_eus
[35m[1mScanning dependencies of target rosgraph_msgs_generate_messages_py[0m
[  0%] Built target rosgraph_msgs_generate_messages_py
[35m[1mScanning dependencies of target rosgraph_msgs_generate_messages_eus[0m
[  0%] Built target rosgraph_msgs_generate_messages_eus
[35m[1mScanning dependencies of target geometry_msgs_generate_messages_nodejs[0m
[  0%] Built target geometry_msgs_generate_messages_nodejs
[35m[1mScanning dependencies of target visualization_msgs_generate_messages_lisp[0m
[  0%] Built target visualization_msgs_generate_messages_lisp
[35m[1mScanning dependencies of target geometry_msgs_generate_messages_cpp[0m
[  0%] Built target geometry_msgs_generate_messages_cpp
[35m[1mScanning dependencies of target tf2_msgs_generate_messages_py[0m
[  0%] Built target tf2_msgs_generate_messages_py
[35m[1mScanning dependencies of target visualization_msgs_generate_messages_eus[0m
[  0%] Built target visualization_msgs_generate_messages_eus
[35m[1mScanning dependencies of target std_msgs_generate_messages_py[0m
[  0%] Built target std_msgs_generate_messages_py
[35m[1mScanning dependencies of target sensor_msgs_generate_messages_cpp[0m
[  0%] Built target sensor_msgs_generate_messages_cpp
[35m[1mScanning dependencies of target roscpp_generate_messages_py[0m
[  0%] Built target roscpp_generate_messages_py
[35m[1mScanning dependencies of target rosgraph_msgs_generate_messages_nodejs[0m
[  0%] Built target rosgraph_msgs_generate_messages_nodejs
[35m[1mScanning dependencies of target actionlib_generate_messages_cpp[0m
[  0%] Built target actionlib_generate_messages_cpp
[35m[1mScanning dependencies of target actionlib_msgs_generate_messages_py[0m
[  0%] Built target actionlib_msgs_generate_messages_py
[35m[1mScanning dependencies of target tf_generate_messages_lisp[0m
[  0%] Built target tf_generate_messages_lisp
[35m[1mScanning dependencies of target tf_generate_messages_nodejs[0m
[  0%] Built target tf_generate_messages_nodejs
[35m[1mScanning dependencies of target rosgraph_msgs_generate_messages_cpp[0m
[  0%] Built target rosgraph_msgs_generate_messages_cpp
[35m[1mScanning dependencies of target actionlib_generate_messages_eus[0m
[  0%] Built target actionlib_generate_messages_eus
[35m[1mScanning dependencies of target actionlib_msgs_generate_messages_cpp[0m
[  0%] Built target actionlib_msgs_generate_messages_cpp
[35m[1mScanning dependencies of target sensor_msgs_generate_messages_eus[0m
[  0%] Built target sensor_msgs_generate_messages_eus
[35m[1mScanning dependencies of target sensor_msgs_generate_messages_lisp[0m
[  0%] Built target sensor_msgs_generate_messages_lisp
[35m[1mScanning dependencies of target visualization_msgs_generate_messages_cpp[0m
[  0%] Built target visualization_msgs_generate_messages_cpp
[35m[1mScanning dependencies of target actionlib_generate_messages_nodejs[0m
[  0%] Built target actionlib_generate_messages_nodejs
[35m[1mScanning dependencies of target actionlib_generate_messages_py[0m
[  0%] Built target actionlib_generate_messages_py
[35m[1mScanning dependencies of target std_msgs_generate_messages_eus[0m
[  0%] Built target std_msgs_generate_messages_eus
[35m[1mScanning dependencies of target tf_generate_messages_py[0m
[  0%] Built target tf_generate_messages_py
[35m[1mScanning dependencies of target actionlib_msgs_generate_messages_nodejs[0m
[  0%] Built target actionlib_msgs_generate_messages_nodejs
[35m[1mScanning dependencies of target actionlib_msgs_generate_messages_lisp[0m
[  0%] Built target actionlib_msgs_generate_messages_lisp
[35m[1mScanning dependencies of target tf2_msgs_generate_messages_lisp[0m
[  0%] Built target tf2_msgs_generate_messages_lisp
[35m[1mScanning dependencies of target tf2_msgs_generate_messages_nodejs[0m
[  0%] Built target tf2_msgs_generate_messages_nodejs
[35m[1mScanning dependencies of target visualization_msgs_generate_messages_nodejs[0m
[  0%] Built target visualization_msgs_generate_messages_nodejs
[35m[1mScanning dependencies of target svo_direct[0m
[  5%] [32mBuilding CXX object CMakeFiles/svo_direct.dir/src/patch_warp.cpp.o[0m
[ 11%] [32mBuilding CXX object CMakeFiles/svo_direct.dir/src/feature_alignment.cpp.o[0m
[ 17%] [32mBuilding CXX object CMakeFiles/svo_direct.dir/src/feature_detection.cpp.o[0m
[ 23%] [32mBuilding CXX object CMakeFiles/svo_direct.dir/src/feature_detection_utils.cpp.o[0m
[ 29%] [32mBuilding CXX object CMakeFiles/svo_direct.dir/src/matcher.cpp.o[0m
[ 35%] [32mBuilding CXX object CMakeFiles/svo_direct.dir/src/depth_filter.cpp.o[0m
[ 41%] [32mBuilding CXX object CMakeFiles/svo_direct.dir/src/depth_estimation.cpp.o[0m
[ 47%] [32mBuilding CXX object CMakeFiles/svo_direct.dir/src/elder_zucker.cpp.o[0m
[ 52%] [32m[1mLinking CXX shared library /home/mohammad/svo/devel/.private/svo_direct/lib/libsvo_direct.so[0m
[ 52%] Built target svo_direct
[35m[1mScanning dependencies of target svo_test_edgelet_extraction[0m
[35m[1mScanning dependencies of target svo_test_edgelet_direction[0m
[35m[1mScanning dependencies of target svo_test_feature_alignment[0m
[ 58%] [32mBuilding CXX object CMakeFiles/svo_test_edgelet_direction.dir/test/test_edgelet_direction.cpp.o[0m
[ 64%] [32mBuilding CXX object CMakeFiles/svo_test_feature_alignment.dir/test/test_feature_alignment.cpp.o[0m
[ 70%] [32mBuilding CXX object CMakeFiles/svo_test_edgelet_extraction.dir/test/test_edgelet_extraction.cpp.o[0m
[ 76%] [32m[1mLinking CXX executable /home/mohammad/svo/devel/.private/svo_direct/lib/svo_direct/svo_test_edgelet_direction[0m
[ 82%] [32m[1mLinking CXX executable /home/mohammad/svo/devel/.private/svo_direct/lib/svo_direct/svo_test_feature_alignment[0m
[ 82%] Built target svo_test_feature_alignment
[ 82%] Built target svo_test_edgelet_direction
[35m[1mScanning dependencies of target svo_test_patch_score[0m
[ 88%] [32m[1mLinking CXX executable /home/mohammad/svo/devel/.private/svo_direct/lib/svo_direct/svo_test_edgelet_extraction[0m
[ 94%] [32mBuilding CXX object CMakeFiles/svo_test_patch_score.dir/test/test_patch_score.cpp.o[0m
[ 94%] Built target svo_test_edgelet_extraction
[100%] [32m[1mLinking CXX executable /home/mohammad/svo/devel/.private/svo_direct/lib/svo_direct/svo_test_patch_score[0m
[100%] Built target svo_test_patch_score
