Determining if the pthread_create exist failed with the following output:
Change Dir: /home/mohammad/svo/build/svo_common/CMakeFiles/CMakeTmp

Run Build Command:"/usr/bin/make" "cmTC_c966c/fast"
/usr/bin/make -f CMakeFiles/cmTC_c966c.dir/build.make CMakeFiles/cmTC_c966c.dir/build
make[1]: Entering directory '/home/mohammad/svo/build/svo_common/CMakeFiles/CMakeTmp'
Building C object CMakeFiles/cmTC_c966c.dir/CheckSymbolExists.c.o
/usr/bin/cc    -o CMakeFiles/cmTC_c966c.dir/CheckSymbolExists.c.o   -c /home/mohammad/svo/build/svo_common/CMakeFiles/CMakeTmp/CheckSymbolExists.c
Linking C executable cmTC_c966c
/usr/bin/cmake -E cmake_link_script CMakeFiles/cmTC_c966c.dir/link.txt --verbose=1
/usr/bin/cc      -rdynamic CMakeFiles/cmTC_c966c.dir/CheckSymbolExists.c.o  -o cmTC_c966c 
CMakeFiles/cmTC_c966c.dir/CheckSymbolExists.c.o: In function `main':
CheckSymbolExists.c:(.text+0x1b): undefined reference to `pthread_create'
collect2: error: ld returned 1 exit status
CMakeFiles/cmTC_c966c.dir/build.make:97: recipe for target 'cmTC_c966c' failed
make[1]: *** [cmTC_c966c] Error 1
make[1]: Leaving directory '/home/mohammad/svo/build/svo_common/CMakeFiles/CMakeTmp'
Makefile:126: recipe for target 'cmTC_c966c/fast' failed
make: *** [cmTC_c966c/fast] Error 2

File /home/mohammad/svo/build/svo_common/CMakeFiles/CMakeTmp/CheckSymbolExists.c:
/* */
#include <pthread.h>

int main(int argc, char** argv)
{
  (void)argv;
#ifndef pthread_create
  return ((int*)(&pthread_create))[argc];
#else
  (void)argc;
  return 0;
#endif
}

Determining if the function pthread_create exists in the pthreads failed with the following output:
Change Dir: /home/mohammad/svo/build/svo_common/CMakeFiles/CMakeTmp

Run Build Command:"/usr/bin/make" "cmTC_93184/fast"
/usr/bin/make -f CMakeFiles/cmTC_93184.dir/build.make CMakeFiles/cmTC_93184.dir/build
make[1]: Entering directory '/home/mohammad/svo/build/svo_common/CMakeFiles/CMakeTmp'
Building C object CMakeFiles/cmTC_93184.dir/CheckFunctionExists.c.o
/usr/bin/cc   -DCHECK_FUNCTION_EXISTS=pthread_create   -o CMakeFiles/cmTC_93184.dir/CheckFunctionExists.c.o   -c /usr/share/cmake-3.10/Modules/CheckFunctionExists.c
Linking C executable cmTC_93184
/usr/bin/cmake -E cmake_link_script CMakeFiles/cmTC_93184.dir/link.txt --verbose=1
/usr/bin/cc  -DCHECK_FUNCTION_EXISTS=pthread_create    -rdynamic CMakeFiles/cmTC_93184.dir/CheckFunctionExists.c.o  -o cmTC_93184 -lpthreads 
/usr/bin/ld: cannot find -lpthreads
collect2: error: ld returned 1 exit status
CMakeFiles/cmTC_93184.dir/build.make:97: recipe for target 'cmTC_93184' failed
make[1]: *** [cmTC_93184] Error 1
make[1]: Leaving directory '/home/mohammad/svo/build/svo_common/CMakeFiles/CMakeTmp'
Makefile:126: recipe for target 'cmTC_93184/fast' failed
make: *** [cmTC_93184/fast] Error 2


