Determining if the pthread_create exist failed with the following output:
Change Dir: /home/mohammad/svo/build/ceres_catkin/ceres_src-prefix/src/ceres_src-build/CMakeFiles/CMakeTmp

Run Build Command:"/usr/bin/make" "cmTC_bbe46/fast"
make[3]: Entering directory '/home/mohammad/svo/build/ceres_catkin/ceres_src-prefix/src/ceres_src-build/CMakeFiles/CMakeTmp'
/usr/bin/make -f CMakeFiles/cmTC_bbe46.dir/build.make CMakeFiles/cmTC_bbe46.dir/build
make[4]: Entering directory '/home/mohammad/svo/build/ceres_catkin/ceres_src-prefix/src/ceres_src-build/CMakeFiles/CMakeTmp'
Building C object CMakeFiles/cmTC_bbe46.dir/CheckSymbolExists.c.o
/usr/bin/cc    -o CMakeFiles/cmTC_bbe46.dir/CheckSymbolExists.c.o   -c /home/mohammad/svo/build/ceres_catkin/ceres_src-prefix/src/ceres_src-build/CMakeFiles/CMakeTmp/CheckSymbolExists.c
Linking C executable cmTC_bbe46
/usr/bin/cmake -E cmake_link_script CMakeFiles/cmTC_bbe46.dir/link.txt --verbose=1
/usr/bin/cc      -rdynamic CMakeFiles/cmTC_bbe46.dir/CheckSymbolExists.c.o  -o cmTC_bbe46 
CMakeFiles/cmTC_bbe46.dir/CheckSymbolExists.c.o: In function `main':
CheckSymbolExists.c:(.text+0x1b): undefined reference to `pthread_create'
collect2: error: ld returned 1 exit status
CMakeFiles/cmTC_bbe46.dir/build.make:97: recipe for target 'cmTC_bbe46' failed
make[4]: *** [cmTC_bbe46] Error 1
make[4]: Leaving directory '/home/mohammad/svo/build/ceres_catkin/ceres_src-prefix/src/ceres_src-build/CMakeFiles/CMakeTmp'
Makefile:126: recipe for target 'cmTC_bbe46/fast' failed
make[3]: *** [cmTC_bbe46/fast] Error 2
make[3]: Leaving directory '/home/mohammad/svo/build/ceres_catkin/ceres_src-prefix/src/ceres_src-build/CMakeFiles/CMakeTmp'

File /home/mohammad/svo/build/ceres_catkin/ceres_src-prefix/src/ceres_src-build/CMakeFiles/CMakeTmp/CheckSymbolExists.c:
/* */
#include <pthread.h>

int main(int argc, char** argv)
{
  (void)argv;
#ifndef pthread_create
  return ((int*)(&pthread_create))[argc];
#else
  (void)argc;
  return 0;
#endif
}

Determining if the function pthread_create exists in the pthreads failed with the following output:
Change Dir: /home/mohammad/svo/build/ceres_catkin/ceres_src-prefix/src/ceres_src-build/CMakeFiles/CMakeTmp

Run Build Command:"/usr/bin/make" "cmTC_62d4a/fast"
make[3]: Entering directory '/home/mohammad/svo/build/ceres_catkin/ceres_src-prefix/src/ceres_src-build/CMakeFiles/CMakeTmp'
/usr/bin/make -f CMakeFiles/cmTC_62d4a.dir/build.make CMakeFiles/cmTC_62d4a.dir/build
make[4]: Entering directory '/home/mohammad/svo/build/ceres_catkin/ceres_src-prefix/src/ceres_src-build/CMakeFiles/CMakeTmp'
Building C object CMakeFiles/cmTC_62d4a.dir/CheckFunctionExists.c.o
/usr/bin/cc   -DCHECK_FUNCTION_EXISTS=pthread_create   -o CMakeFiles/cmTC_62d4a.dir/CheckFunctionExists.c.o   -c /usr/share/cmake-3.10/Modules/CheckFunctionExists.c
Linking C executable cmTC_62d4a
/usr/bin/cmake -E cmake_link_script CMakeFiles/cmTC_62d4a.dir/link.txt --verbose=1
/usr/bin/cc  -DCHECK_FUNCTION_EXISTS=pthread_create    -rdynamic CMakeFiles/cmTC_62d4a.dir/CheckFunctionExists.c.o  -o cmTC_62d4a -lpthreads 
/usr/bin/ld: cannot find -lpthreads
collect2: error: ld returned 1 exit status
CMakeFiles/cmTC_62d4a.dir/build.make:97: recipe for target 'cmTC_62d4a' failed
make[4]: *** [cmTC_62d4a] Error 1
make[4]: Leaving directory '/home/mohammad/svo/build/ceres_catkin/ceres_src-prefix/src/ceres_src-build/CMakeFiles/CMakeTmp'
Makefile:126: recipe for target 'cmTC_62d4a/fast' failed
make[3]: *** [cmTC_62d4a/fast] Error 2
make[3]: Leaving directory '/home/mohammad/svo/build/ceres_catkin/ceres_src-prefix/src/ceres_src-build/CMakeFiles/CMakeTmp'


