Determining if the pthread_create exist failed with the following output:
Change Dir: /home/mohammad/svo/build/catkin_simple/CMakeFiles/CMakeTmp

Run Build Command:"/usr/bin/make" "cmTC_bc79d/fast"
/usr/bin/make -f CMakeFiles/cmTC_bc79d.dir/build.make CMakeFiles/cmTC_bc79d.dir/build
make[1]: Entering directory '/home/mohammad/svo/build/catkin_simple/CMakeFiles/CMakeTmp'
Building C object CMakeFiles/cmTC_bc79d.dir/CheckSymbolExists.c.o
/usr/bin/cc    -o CMakeFiles/cmTC_bc79d.dir/CheckSymbolExists.c.o   -c /home/mohammad/svo/build/catkin_simple/CMakeFiles/CMakeTmp/CheckSymbolExists.c
Linking C executable cmTC_bc79d
/usr/bin/cmake -E cmake_link_script CMakeFiles/cmTC_bc79d.dir/link.txt --verbose=1
/usr/bin/cc      -rdynamic CMakeFiles/cmTC_bc79d.dir/CheckSymbolExists.c.o  -o cmTC_bc79d 
CMakeFiles/cmTC_bc79d.dir/CheckSymbolExists.c.o: In function `main':
CheckSymbolExists.c:(.text+0x1b): undefined reference to `pthread_create'
collect2: error: ld returned 1 exit status
CMakeFiles/cmTC_bc79d.dir/build.make:97: recipe for target 'cmTC_bc79d' failed
make[1]: *** [cmTC_bc79d] Error 1
make[1]: Leaving directory '/home/mohammad/svo/build/catkin_simple/CMakeFiles/CMakeTmp'
Makefile:126: recipe for target 'cmTC_bc79d/fast' failed
make: *** [cmTC_bc79d/fast] Error 2

File /home/mohammad/svo/build/catkin_simple/CMakeFiles/CMakeTmp/CheckSymbolExists.c:
/* */
#include <pthread.h>

int main(int argc, char** argv)
{
  (void)argv;
#ifndef pthread_create
  return ((int*)(&pthread_create))[argc];
#else
  (void)argc;
  return 0;
#endif
}

Determining if the function pthread_create exists in the pthreads failed with the following output:
Change Dir: /home/mohammad/svo/build/catkin_simple/CMakeFiles/CMakeTmp

Run Build Command:"/usr/bin/make" "cmTC_98daa/fast"
/usr/bin/make -f CMakeFiles/cmTC_98daa.dir/build.make CMakeFiles/cmTC_98daa.dir/build
make[1]: Entering directory '/home/mohammad/svo/build/catkin_simple/CMakeFiles/CMakeTmp'
Building C object CMakeFiles/cmTC_98daa.dir/CheckFunctionExists.c.o
/usr/bin/cc   -DCHECK_FUNCTION_EXISTS=pthread_create   -o CMakeFiles/cmTC_98daa.dir/CheckFunctionExists.c.o   -c /usr/share/cmake-3.10/Modules/CheckFunctionExists.c
Linking C executable cmTC_98daa
/usr/bin/cmake -E cmake_link_script CMakeFiles/cmTC_98daa.dir/link.txt --verbose=1
/usr/bin/cc  -DCHECK_FUNCTION_EXISTS=pthread_create    -rdynamic CMakeFiles/cmTC_98daa.dir/CheckFunctionExists.c.o  -o cmTC_98daa -lpthreads 
/usr/bin/ld: cannot find -lpthreads
collect2: error: ld returned 1 exit status
CMakeFiles/cmTC_98daa.dir/build.make:97: recipe for target 'cmTC_98daa' failed
make[1]: *** [cmTC_98daa] Error 1
make[1]: Leaving directory '/home/mohammad/svo/build/catkin_simple/CMakeFiles/CMakeTmp'
Makefile:126: recipe for target 'cmTC_98daa/fast' failed
make: *** [cmTC_98daa/fast] Error 2


